#-----------------------------------------------------------
# Vivado v2023.2 (64-bit)
# SW Build 4029153 on Fri Oct 13 20:13:54 MDT 2023
# IP Build 4028589 on Sat Oct 14 00:45:43 MDT 2023
# SharedData Build 4025554 on Tue Oct 10 17:18:54 MDT 2023
# Start of session at: Mon Nov 17 18:27:12 2025
# Process ID: 609870
# Current directory: /home/rdave009/minirocket-hls/MiniRocketHLS/tcl_template/build_fpga/link/vivado/vpl
# Command line: vivado -log vivado.log -applog -messageDb vivado.pb -mode batch -source vpl.tcl -notrace
# Log file: /home/rdave009/minirocket-hls/MiniRocketHLS/tcl_template/build_fpga/link/vivado/vpl/vivado.log
# Journal file: /home/rdave009/minirocket-hls/MiniRocketHLS/tcl_template/build_fpga/link/vivado/vpl/vivado.jou
# Running On: wolverine, OS: Linux, CPU Frequency: 1700.000 MHz, CPU Physical cores: 16, Host memory: 135062 MB
#-----------------------------------------------------------
source vpl.tcl -notrace
INFO: Dispatch client connection id - 33167
[18:27:48] Run vpl: Step create_project: Started
INFO: [OCL_UTIL] current step: vpl.create_project
Creating Vivado project.
INFO: [OCL_UTIL] internal step: source .local/hw_platform/tcl_hooks/prelink.tcl
INFO: [OCL_UTIL] internal step: create_project -part xcu280-fsvh2892-2L-e -force prj prj
create_project: Time (s): cpu = 00:00:09 ; elapsed = 00:00:12 . Memory (MB): peak = 1401.316 ; gain = 137.805 ; free physical = 666 ; free virtual = 108988
INFO: [OCL_UTIL] set_property design_mode GateLvl [current_fileset]
INFO: [Vivado 12-3498] Setting project source management mode (property SOURCE_MGMT_MODE) to "None".
INFO: [OCL_UTIL] add module references to project
INFO: [OCL_UTIL] set_property PR_FLOW 1 [current_project]
INFO: [OCL_UTIL] internal step: add_files .local/hw_platform/hw_bb_locked.dcp
INFO: [OCL_UTIL] internal step: create_partition_def -name my_pd -module ulp
INFO: [OCL_UTIL] internal step: create_reconfig_module -name my_rm -partition_def [get_partition_defs my_pd ] -top ulp
INFO: [OCL_UTIL] set_property use_blackbox_stub false [get_filesets my_rm -of_objects [get_reconfig_modules my_rm]]
INFO: [OCL_UTIL] set_property USE_BLACKBOX_STUB 0 [get_partition_defs my_pd]
INFO: [OCL_UTIL] internal step: create_pr_configuration -name config_1 -partitions [list level0_i/ulp:my_rm]
CRITICAL WARNING: [filemgmt 20-730] Could not find a top module in the fileset my_rm.
Resolution: With the gui up, review the source files in the Sources window. Use Add Sources to add any needed sources. If the files are disabled, enable them. You can also select the file and choose Set Used In from the pop-up menu. Review if they are being used at the proper points of the flow.
INFO: [OCL_UTIL] set_property AUTO_IMPORT 0 [get_pr_configuration config_1]
INFO: [OCL_UTIL] set_property USE_BLACKBOX 0 [get_pr_configuration config_1]
[18:28:00] Run vpl: Step create_project: Completed
[18:28:00] Run vpl: Step create_bd: Started
INFO: [OCL_UTIL] current step: vpl.create_bd
INFO: [OCL_UTIL] set_property board_part_repo_paths .local/hw_platform/board [current_project]
INFO: [OCL_UTIL] set_property board_part xilinx.com:au280:part0:1.3 [current_project]
INFO: [OCL_UTIL] set_property ip_repo_paths /home/rdave009/minirocket-hls/MiniRocketHLS/tcl_template/build_fpga/link/int/xo/ip_repo/xilinx_com_user_krnl_top_1_0 .local/hw_platform/iprepo .local/hw_platform/ipcache /home/Xilinx/Vitis/2023.2/data/ip [current_project]
INFO: [OCL_UTIL] internal step: update_ip_catalog
INFO: [IP_Flow 19-234] Refreshing IP repositories
INFO: [IP_Flow 19-1700] Loaded user IP repository '/home/rdave009/minirocket-hls/MiniRocketHLS/tcl_template/build_fpga/link/int/xo/ip_repo/xilinx_com_user_krnl_top_1_0'.
INFO: [IP_Flow 19-1700] Loaded user IP repository '/home/rdave009/minirocket-hls/MiniRocketHLS/tcl_template/build_fpga/link/vivado/vpl/.local/hw_platform/iprepo'.
INFO: [IP_Flow 19-1700] Loaded user IP repository '/home/rdave009/minirocket-hls/MiniRocketHLS/tcl_template/build_fpga/link/vivado/vpl/.local/hw_platform/ipcache'.
INFO: [IP_Flow 19-1700] Loaded user IP repository '/home/Xilinx/Vitis/2023.2/data/ip'.
INFO: [IP_Flow 19-2313] Loaded Vivado IP repository '/home/Xilinx/Vivado/2023.2/data/ip'.
WARNING: [IP_Flow 19-1663] Duplicate IP found for 'xilinx.com:ip:pipeline_reg:1.0'. The one found in IP location '/home/rdave009/minirocket-hls/MiniRocketHLS/tcl_template/build_fpga/link/vivado/vpl/.local/hw_platform/iprepo/ipdefs/pxi_ii_infra/pipeline_reg_v1_0' will take precedence over the same IP in location /home/rdave009/minirocket-hls/MiniRocketHLS/tcl_template/build_fpga/link/vivado/vpl/.local/hw_platform/iprepo/ipdefs/other_ipdefs/pipeline_reg_v1_0
WARNING: [IP_Flow 19-1663] Duplicate IP found for 'xilinx.com:ip:clk_metadata_adapter:1.0'. The one found in IP location '/home/rdave009/minirocket-hls/MiniRocketHLS/tcl_template/build_fpga/link/vivado/vpl/.local/hw_platform/iprepo/ipdefs/pxi_ii_infra/clk_metadata_adapter_v1_0' will take precedence over the same IP in location /home/rdave009/minirocket-hls/MiniRocketHLS/tcl_template/build_fpga/link/vivado/vpl/.local/hw_platform/iprepo/ipdefs/other_ipdefs/clk_metadata_adapter_v1_0
WARNING: [IP_Flow 19-1663] Duplicate IP found for 'xilinx.com:ip:shell_utils_build_info:1.0'. The one found in IP location '/home/rdave009/minirocket-hls/MiniRocketHLS/tcl_template/build_fpga/link/vivado/vpl/.local/hw_platform/iprepo/ipdefs/other_ipdefs/shell_utils_build_info_v1_0' will take precedence over the same IP in the Xilinx installed IP.
WARNING: [IP_Flow 19-1663] Duplicate IP found for 'xilinx.com:ip:axis_clk_metadata_adapter:1.0'. The one found in IP location '/home/rdave009/minirocket-hls/MiniRocketHLS/tcl_template/build_fpga/link/vivado/vpl/.local/hw_platform/iprepo/ipdefs/other_ipdefs/axis_clk_metadata_adapter_v1_0' will take precedence over the same IP in location /home/rdave009/minirocket-hls/MiniRocketHLS/tcl_template/build_fpga/link/vivado/vpl/.local/hw_platform/iprepo/ipdefs/pxi_ii_infra/axis_clk_metadata_adapter_v1_0
WARNING: [IP_Flow 19-1663] Duplicate IP found for 'xilinx.com:ip:axi_clk_metadata_adapter:1.0'. The one found in IP location '/home/rdave009/minirocket-hls/MiniRocketHLS/tcl_template/build_fpga/link/vivado/vpl/.local/hw_platform/iprepo/ipdefs/other_ipdefs/axi_clk_metadata_adapter_v1_0' will take precedence over the same IP in location /home/rdave009/minirocket-hls/MiniRocketHLS/tcl_template/build_fpga/link/vivado/vpl/.local/hw_platform/iprepo/ipdefs/pxi_ii_infra/axi_clk_metadata_adapter_v1_0
INFO: [OCL_UTIL] internal step: config_ip_cache -use_cache_location /home/rdave009/minirocket-hls/MiniRocketHLS/tcl_template/.ipcache
INFO: [OCL_UTIL] internal step: import_files -norecurse .local/hw_platform/bd/202211_1_dev.srcs/sources_1/bd/ulp/ulp.bd -of_objects my_rm
INFO: [Project 1-1727] Source BDs should be added before importing the top BD /home/rdave009/minirocket-hls/MiniRocketHLS/tcl_template/build_fpga/link/vivado/vpl/.local/hw_platform/bd/202211_1_dev.srcs/sources_1/bd/ulp/ulp.bd with BDC
WARNING: [BD 41-1661] One or more IPs have been locked in the design 'ulp.bd'. Please run report_ip_status for more details and recommendations on how to fix this issue.
List of locked IPs:
ulp_axi_vip_data_3
ulp_s00_regslice_8
ulp_axi_vip_ctrl_userpf_2
ulp_regslice_data_1
ulp_proc_sys_reset_kernel_slr1_0
ulp_axi_vip_ctrl_userpf_1
ulp_proc_sys_reset_ctrl_slr1_0
ulp_regslice_control_userpf_2
ulp_interconnect_axilite_user_2
ulp_proc_sys_reset_ctrl_slr0_0
ulp_proc_sys_reset_ctrl_slr2_0
ulp_axi_vip_data_0
ulp_proc_sys_reset_kernel_slr2_0
ulp_xbar_0
ulp_s00_regslice_7
ulp_hmss_0_0
ulp_axi_vip_ctrl_userpf_0
ulp_regslice_control_userpf_1
ulp_interconnect_axilite_user_1
ulp_axi_regslice_slr0_0
ulp_axi_ic_ctrl_mgmt_slr1_0
ulp_memory_subsystem_0
ulp_axi_regslice_slr1_0
ulp_proc_sys_reset_kernel_slr0_0
ulp_hbm_ddr_concat_0
ulp_axi_vip_data_2
ulp_hbm_ddr_init_complete_0
ulp_axi_regslice_slr2_0
ulp_satellite_gpio_slice_1_0
ulp_axi_data_sc_0
ulp_proc_sys_reset_kernel2_slr0_0
ulp_axi_gpio_null_1
ulp_axi_gpio_null_2
ulp_proc_sys_reset_kernel2_slr1_0
ulp_proc_sys_reset_kernel2_slr2_0
ulp_proc_sys_reset_freerun_slr0_0
ulp_proc_sys_reset_freerun_slr1_0
ulp_proc_sys_reset_freerun_slr2_0
ulp_regslice_data_2
ulp_axi_gpio_null_0
ulp_auto_cc_1
ulp_s00_regslice_6
ulp_auto_cc_0
ulp_auto_cc_2
ulp_regslice_control_userpf_0
ulp_interconnect_axilite_user_0
ulp_regslice_data_0
ulp_axi_vip_data_1

WARNING: [IP_Flow 19-2162] IP 'ulp_xbar_0' is locked:
* IP definition 'AXI Crossbar (2.1)' for IP 'ulp_xbar_0' (customized with software release 2022.1.1) has a different revision in the IP Catalog.
WARNING: [IP_Flow 19-2162] IP 'ulp_axi_ic_ctrl_mgmt_slr1_0' is locked:
* IP definition 'AXI Interconnect (2.1)' for IP 'ulp_axi_ic_ctrl_mgmt_slr1_0' (customized with software release 2022.1.1) has a different revision in the IP Catalog.
WARNING: [IP_Flow 19-2162] IP 'ulp_memory_subsystem_0' is locked:
* IP definition 'SDx Memory Subsystem (1.0)' for IP 'ulp_memory_subsystem_0' (customized with software release 2022.1.1) has a different revision in the IP Catalog.
WARNING: [IP_Flow 19-2162] IP 'ulp_hmss_0_0' is locked:
* IP definition 'HBM Memory Subsystem (HMSS) (2.0)' for IP 'ulp_hmss_0_0' (customized with software release 2022.1.1) has a different revision in the IP Catalog.
WARNING: [IP_Flow 19-2162] IP 'ulp_axi_vip_data_0' is locked:
* IP definition 'AXI Verification IP (1.1)' for IP 'ulp_axi_vip_data_0' (customized with software release 2022.1.1) has a different revision in the IP Catalog.
WARNING: [IP_Flow 19-2162] IP 'ulp_axi_data_sc_0' is locked:
* IP definition 'AXI SmartConnect (1.0)' for IP 'ulp_axi_data_sc_0' (customized with software release 2022.1.1) has a different revision in the IP Catalog.
WARNING: [IP_Flow 19-2162] IP 'ulp_satellite_gpio_slice_1_0' is locked:
* IP definition 'Slice (1.0)' for IP 'ulp_satellite_gpio_slice_1_0' (customized with software release 2022.1.1) has a different revision in the IP Catalog.
WARNING: [IP_Flow 19-2162] IP 'ulp_axi_regslice_slr0_0' is locked:
* IP definition 'AXI Register Slice (2.1)' for IP 'ulp_axi_regslice_slr0_0' (customized with software release 2022.1.1) has a different revision in the IP Catalog.
WARNING: [IP_Flow 19-2162] IP 'ulp_axi_regslice_slr1_0' is locked:
* IP definition 'AXI Register Slice (2.1)' for IP 'ulp_axi_regslice_slr1_0' (customized with software release 2022.1.1) has a different revision in the IP Catalog.
WARNING: [IP_Flow 19-2162] IP 'ulp_axi_regslice_slr2_0' is locked:
* IP definition 'AXI Register Slice (2.1)' for IP 'ulp_axi_regslice_slr2_0' (customized with software release 2022.1.1) has a different revision in the IP Catalog.
WARNING: [IP_Flow 19-2162] IP 'ulp_hbm_ddr_init_complete_0' is locked:
* IP definition 'Utility Reduced Logic (2.0)' for IP 'ulp_hbm_ddr_init_complete_0' (customized with software release 2022.1.1) has a different revision in the IP Catalog.
WARNING: [IP_Flow 19-2162] IP 'ulp_hbm_ddr_concat_0' is locked:
* IP definition 'Concat (2.1)' for IP 'ulp_hbm_ddr_concat_0' (customized with software release 2022.1.1) has a different revision in the IP Catalog.
WARNING: [IP_Flow 19-2162] IP 'ulp_proc_sys_reset_ctrl_slr0_0' is locked:
* IP definition 'Processor System Reset (5.0)' for IP 'ulp_proc_sys_reset_ctrl_slr0_0' (customized with software release 2022.1.1) has a different revision in the IP Catalog.
WARNING: [IP_Flow 19-2162] IP 'ulp_proc_sys_reset_ctrl_slr1_0' is locked:
* IP definition 'Processor System Reset (5.0)' for IP 'ulp_proc_sys_reset_ctrl_slr1_0' (customized with software release 2022.1.1) has a different revision in the IP Catalog.
WARNING: [IP_Flow 19-2162] IP 'ulp_proc_sys_reset_ctrl_slr2_0' is locked:
* IP definition 'Processor System Reset (5.0)' for IP 'ulp_proc_sys_reset_ctrl_slr2_0' (customized with software release 2022.1.1) has a different revision in the IP Catalog.
WARNING: [IP_Flow 19-2162] IP 'ulp_proc_sys_reset_kernel_slr0_0' is locked:
* IP definition 'Processor System Reset (5.0)' for IP 'ulp_proc_sys_reset_kernel_slr0_0' (customized with software release 2022.1.1) has a different revision in the IP Catalog.
WARNING: [IP_Flow 19-2162] IP 'ulp_proc_sys_reset_kernel_slr1_0' is locked:
* IP definition 'Processor System Reset (5.0)' for IP 'ulp_proc_sys_reset_kernel_slr1_0' (customized with software release 2022.1.1) has a different revision in the IP Catalog.
WARNING: [IP_Flow 19-2162] IP 'ulp_proc_sys_reset_kernel_slr2_0' is locked:
* IP definition 'Processor System Reset (5.0)' for IP 'ulp_proc_sys_reset_kernel_slr2_0' (customized with software release 2022.1.1) has a different revision in the IP Catalog.
WARNING: [IP_Flow 19-2162] IP 'ulp_proc_sys_reset_kernel2_slr0_0' is locked:
* IP definition 'Processor System Reset (5.0)' for IP 'ulp_proc_sys_reset_kernel2_slr0_0' (customized with software release 2022.1.1) has a different revision in the IP Catalog.
WARNING: [IP_Flow 19-2162] IP 'ulp_proc_sys_reset_kernel2_slr1_0' is locked:
* IP definition 'Processor System Reset (5.0)' for IP 'ulp_proc_sys_reset_kernel2_slr1_0' (customized with software release 2022.1.1) has a different revision in the IP Catalog.
WARNING: [IP_Flow 19-2162] IP 'ulp_proc_sys_reset_kernel2_slr2_0' is locked:
* IP definition 'Processor System Reset (5.0)' for IP 'ulp_proc_sys_reset_kernel2_slr2_0' (customized with software release 2022.1.1) has a different revision in the IP Catalog.
WARNING: [IP_Flow 19-2162] IP 'ulp_proc_sys_reset_freerun_slr0_0' is locked:
* IP definition 'Processor System Reset (5.0)' for IP 'ulp_proc_sys_reset_freerun_slr0_0' (customized with software release 2022.1.1) has a different revision in the IP Catalog.
WARNING: [IP_Flow 19-2162] IP 'ulp_proc_sys_reset_freerun_slr1_0' is locked:
* IP definition 'Processor System Reset (5.0)' for IP 'ulp_proc_sys_reset_freerun_slr1_0' (customized with software release 2022.1.1) has a different revision in the IP Catalog.
WARNING: [IP_Flow 19-2162] IP 'ulp_proc_sys_reset_freerun_slr2_0' is locked:
* IP definition 'Processor System Reset (5.0)' for IP 'ulp_proc_sys_reset_freerun_slr2_0' (customized with software release 2022.1.1) has a different revision in the IP Catalog.
WARNING: [IP_Flow 19-2162] IP 'ulp_axi_gpio_null_0' is locked:
* IP definition 'AXI GPIO (2.0)' for IP 'ulp_axi_gpio_null_0' (customized with software release 2022.1.1) has a different revision in the IP Catalog.
WARNING: [IP_Flow 19-2162] IP 'ulp_axi_vip_ctrl_userpf_0' is locked:
* IP definition 'AXI Verification IP (1.1)' for IP 'ulp_axi_vip_ctrl_userpf_0' (customized with software release 2022.1.1) has a different revision in the IP Catalog.
WARNING: [IP_Flow 19-2162] IP 'ulp_s00_regslice_6' is locked:
* IP definition 'AXI Register Slice (2.1)' for IP 'ulp_s00_regslice_6' (customized with software release 2022.1.1) has a different revision in the IP Catalog.
WARNING: [IP_Flow 19-2162] IP 'ulp_auto_cc_0' is locked:
* IP definition 'AXI Clock Converter (2.1)' for IP 'ulp_auto_cc_0' (customized with software release 2022.1.1) has a different revision in the IP Catalog.
WARNING: [IP_Flow 19-2162] IP 'ulp_interconnect_axilite_user_0' is locked:
* IP definition 'AXI Interconnect (2.1)' for IP 'ulp_interconnect_axilite_user_0' (customized with software release 2022.1.1) has a different revision in the IP Catalog.
WARNING: [IP_Flow 19-2162] IP 'ulp_regslice_control_userpf_0' is locked:
* IP definition 'AXI Register Slice (2.1)' for IP 'ulp_regslice_control_userpf_0' (customized with software release 2022.1.1) has a different revision in the IP Catalog.
WARNING: [IP_Flow 19-2162] IP 'ulp_regslice_data_0' is locked:
* IP definition 'AXI Register Slice (2.1)' for IP 'ulp_regslice_data_0' (customized with software release 2022.1.1) has a different revision in the IP Catalog.
WARNING: [IP_Flow 19-2162] IP 'ulp_axi_vip_data_1' is locked:
* IP definition 'AXI Verification IP (1.1)' for IP 'ulp_axi_vip_data_1' (customized with software release 2022.1.1) has a different revision in the IP Catalog.
WARNING: [IP_Flow 19-2162] IP 'ulp_axi_gpio_null_1' is locked:
* IP definition 'AXI GPIO (2.0)' for IP 'ulp_axi_gpio_null_1' (customized with software release 2022.1.1) has a different revision in the IP Catalog.
WARNING: [IP_Flow 19-2162] IP 'ulp_axi_vip_ctrl_userpf_1' is locked:
* IP definition 'AXI Verification IP (1.1)' for IP 'ulp_axi_vip_ctrl_userpf_1' (customized with software release 2022.1.1) has a different revision in the IP Catalog.
WARNING: [IP_Flow 19-2162] IP 'ulp_s00_regslice_7' is locked:
* IP definition 'AXI Register Slice (2.1)' for IP 'ulp_s00_regslice_7' (customized with software release 2022.1.1) has a different revision in the IP Catalog.
WARNING: [IP_Flow 19-2162] IP 'ulp_auto_cc_1' is locked:
* IP definition 'AXI Clock Converter (2.1)' for IP 'ulp_auto_cc_1' (customized with software release 2022.1.1) has a different revision in the IP Catalog.
WARNING: [IP_Flow 19-2162] IP 'ulp_interconnect_axilite_user_1' is locked:
* IP definition 'AXI Interconnect (2.1)' for IP 'ulp_interconnect_axilite_user_1' (customized with software release 2022.1.1) has a different revision in the IP Catalog.
WARNING: [IP_Flow 19-2162] IP 'ulp_regslice_control_userpf_1' is locked:
* IP definition 'AXI Register Slice (2.1)' for IP 'ulp_regslice_control_userpf_1' (customized with software release 2022.1.1) has a different revision in the IP Catalog.
WARNING: [IP_Flow 19-2162] IP 'ulp_regslice_data_1' is locked:
* IP definition 'AXI Register Slice (2.1)' for IP 'ulp_regslice_data_1' (customized with software release 2022.1.1) has a different revision in the IP Catalog.
WARNING: [IP_Flow 19-2162] IP 'ulp_axi_vip_data_2' is locked:
* IP definition 'AXI Verification IP (1.1)' for IP 'ulp_axi_vip_data_2' (customized with software release 2022.1.1) has a different revision in the IP Catalog.
WARNING: [IP_Flow 19-2162] IP 'ulp_axi_gpio_null_2' is locked:
* IP definition 'AXI GPIO (2.0)' for IP 'ulp_axi_gpio_null_2' (customized with software release 2022.1.1) has a different revision in the IP Catalog.
WARNING: [IP_Flow 19-2162] IP 'ulp_axi_vip_ctrl_userpf_2' is locked:
* IP definition 'AXI Verification IP (1.1)' for IP 'ulp_axi_vip_ctrl_userpf_2' (customized with software release 2022.1.1) has a different revision in the IP Catalog.
WARNING: [IP_Flow 19-2162] IP 'ulp_s00_regslice_8' is locked:
* IP definition 'AXI Register Slice (2.1)' for IP 'ulp_s00_regslice_8' (customized with software release 2022.1.1) has a different revision in the IP Catalog.
WARNING: [IP_Flow 19-2162] IP 'ulp_auto_cc_2' is locked:
* IP definition 'AXI Clock Converter (2.1)' for IP 'ulp_auto_cc_2' (customized with software release 2022.1.1) has a different revision in the IP Catalog.
WARNING: [IP_Flow 19-2162] IP 'ulp_interconnect_axilite_user_2' is locked:
* IP definition 'AXI Interconnect (2.1)' for IP 'ulp_interconnect_axilite_user_2' (customized with software release 2022.1.1) has a different revision in the IP Catalog.
WARNING: [IP_Flow 19-2162] IP 'ulp_regslice_control_userpf_2' is locked:
* IP definition 'AXI Register Slice (2.1)' for IP 'ulp_regslice_control_userpf_2' (customized with software release 2022.1.1) has a different revision in the IP Catalog.
WARNING: [IP_Flow 19-2162] IP 'ulp_regslice_data_2' is locked:
* IP definition 'AXI Register Slice (2.1)' for IP 'ulp_regslice_data_2' (customized with software release 2022.1.1) has a different revision in the IP Catalog.
WARNING: [IP_Flow 19-2162] IP 'ulp_axi_vip_data_3' is locked:
* IP definition 'AXI Verification IP (1.1)' for IP 'ulp_axi_vip_data_3' (customized with software release 2022.1.1) has a different revision in the IP Catalog.
import_files: Time (s): cpu = 00:00:03 ; elapsed = 00:00:06 . Memory (MB): peak = 1545.102 ; gain = 109.941 ; free physical = 646 ; free virtual = 108858
INFO: [OCL_UTIL] set_property synth_checkpoint_mode Hierarchical [get_files -all ulp.bd]
INFO: [OCL_UTIL] internal step: open_bd_design -auto_upgrade [get_files ulp.bd]
Reading block design file </home/rdave009/minirocket-hls/MiniRocketHLS/tcl_template/build_fpga/link/vivado/vpl/prj/prj.srcs/my_rm/bd/ulp/ulp.bd>...
Adding component instance block -- xilinx.com:ip:ii_level0_wire:1.0 - ii_level0_wire
Adding component instance block -- xilinx.com:ip:shell_cmp_subsystem:3.0 - ulp_cmp
INFO: [xilinx.com:ip:debug_bridge:3.0-0] bd_097b_user_debug_bridge_0:  Update boundary has completed 
INFO: [xilinx.com:ip:debug_bridge:3.0-0] bd_097b_user_debug_bridge_0:  Update boundary has started running 
INFO: [xilinx.com:ip:debug_bridge:3.0-0] bd_097b_user_debug_bridge_0:  Update content has started running 
INFO: [xilinx.com:ip:debug_bridge:3.0-0] bd_097b_user_debug_hub_0:  Update boundary has completed 
INFO: [xilinx.com:ip:debug_bridge:3.0-0] bd_097b_user_debug_hub_0:  Update boundary has started running 
INFO: [xilinx.com:ip:debug_bridge:3.0-0] bd_097b_user_debug_hub_0:  Update content has started running 
INFO: [Device 21-403] Loading part xcu280-fsvh2892-2L-e
create_bd_cell: Time (s): cpu = 00:00:10 ; elapsed = 00:00:15 . Memory (MB): peak = 2974.000 ; gain = 1353.719 ; free physical = 670 ; free virtual = 107444
create_bd_cell: Time (s): cpu = 00:00:10 ; elapsed = 00:00:15 . Memory (MB): peak = 2974.000 ; gain = 1356.688 ; free physical = 644 ; free virtual = 107445
Slave segment '/user_debug_bridge/S_AXI/REG' is being assigned into address space '/s_axi_ctrl_user_debug' at <0x0140_0000 [ 64K ]>.
Address Space </s_axi_ctrl_user_debug> has no unaddressed segments
Slave segment '/build_info/S_AXI/reg0' is being assigned into address space '/s_axi_ctrl_mgmt' at <0x0102_0000 [ 4K ]>.
Address Space </s_axi_ctrl_mgmt> has no unaddressed segments
xit::source_ipfile: Time (s): cpu = 00:00:11 ; elapsed = 00:00:16 . Memory (MB): peak = 2974.000 ; gain = 1371.531 ; free physical = 643 ; free virtual = 107445
Adding component instance block -- xilinx.com:ip:axi_interconnect:2.1 - axi_ic_ctrl_mgmt_slr1
Adding component instance block -- xilinx.com:ip:axi_crossbar:2.1 - xbar
Adding component instance block -- xilinx.com:ip:sdx_memory_subsystem:1.0 - memory_subsystem
WARNING: [IP_Flow 19-2162] IP '/memory_subsystem' is locked:
* Could not auto-correct bus parameter '/memory_subsystem/S01_AXI' from '37' to '38'. Please upgrade this IP to unlock.
Adding component instance block -- xilinx.com:ip:hbm_memory_subsystem:2.0 - hmss_0
Adding component instance block -- xilinx.com:ip:axi_vip:1.1 - axi_vip_data
Adding component instance block -- xilinx.com:ip:smartconnect:1.0 - axi_data_sc
Adding component instance block -- xilinx.com:ip:xlslice:1.0 - satellite_gpio_slice_1
Adding component instance block -- xilinx.com:ip:shell_ucs_subsystem:3.0 - ulp_ucs
WARNING: [BD 41-1306] The connection to interface pin </gapping_demand/gpio_gapping_demand/s_axi_bvalid> is being overridden by the user with net <gapping_demand_bvalid_net>. This pin will not be connected as a part of interface connection <S_AXI>.
WARNING: [BD 41-1306] The connection to interface pin </gapping_demand/gpio_gapping_demand/s_axi_bready> is being overridden by the user with net <gapping_demand_bready_net>. This pin will not be connected as a part of interface connection <S_AXI>.
WARNING: [BD 41-1306] The connection to interface pin </gapping_demand/gpio_gapping_demand/gpio2_io_i> is being overridden by the user with net <gpio_gapping_demand_conc_net>. This pin will not be connected as a part of interface connection <GPIO2>.
WARNING: [BD 41-1306] The connection to interface pin </gapping_demand/gpio_gapping_demand/gpio_io_o> is being overridden by the user with net <gpio_gapping_demand_gpio_net>. This pin will not be connected as a part of interface connection <GPIO>.
WARNING: [BD 41-1306] The connection to interface pin </ucs_control_status/gpio_ucs_control_status/gpio2_io_o> is being overridden by the user with net <gpio_ucs_control_status_net>. This pin will not be connected as a part of interface connection <GPIO2>.
WARNING: [BD 41-1306] The connection to interface pin </ucs_control_status/gpio_ucs_control_status/gpio_io_i> is being overridden by the user with net <gpio_ucs_status_concat_net>. This pin will not be connected as a part of interface connection <GPIO>.
create_bd_cell: Time (s): cpu = 00:00:07 ; elapsed = 00:00:07 . Memory (MB): peak = 3311.633 ; gain = 278.195 ; free physical = 533 ; free virtual = 107117
WARNING: [BD 41-1306] The connection to interface pin </axi_ic_ctrl_mgmt_top/M03_AXI_bready> is being overridden by the user with net <gapping_demand_bready_net>. This pin will not be connected as a part of interface connection <M03_AXI>.
WARNING: [BD 41-1306] The connection to interface pin </axi_ic_ctrl_mgmt_top/M03_AXI_bvalid> is being overridden by the user with net <gapping_demand_bvalid_net>. This pin will not be connected as a part of interface connection <M03_AXI>.
Slave segment '/build_info/S_AXI/reg0' is being assigned into address space '/s_axi_ctrl_mgmt' at <0x0100_0000 [ 4K ]>.
Slave segment '/gapping_demand/gpio_gapping_demand/S_AXI/Reg' is being assigned into address space '/s_axi_ctrl_mgmt' at <0x0100_1000 [ 4K ]>.
Slave segment '/ucs_control_status/gpio_ucs_control_status/S_AXI/Reg' is being assigned into address space '/s_axi_ctrl_mgmt' at <0x0100_2000 [ 4K ]>.
Slave segment '/frequency_counters/frequency_counter_aclk/S_AXI/reg0' is being assigned into address space '/s_axi_ctrl_mgmt' at <0x0101_1000 [ 4K ]>.
Slave segment '/frequency_counters/frequency_counter_aclk_kernel_00/S_AXI/reg0' is being assigned into address space '/s_axi_ctrl_mgmt' at <0x0100_9000 [ 4K ]>.
Slave segment '/aclk_kernel_00_hierarchy/clkwiz_aclk_kernel_00/s_axi_lite/Reg' is being assigned into address space '/s_axi_ctrl_mgmt' at <0x0100_3000 [ 4K ]>.
Slave segment '/frequency_counters/frequency_counter_aclk_kernel_01/S_AXI/reg0' is being assigned into address space '/s_axi_ctrl_mgmt' at <0x0100_A000 [ 4K ]>.
Slave segment '/aclk_kernel_01_hierarchy/clkwiz_aclk_kernel_01/s_axi_lite/Reg' is being assigned into address space '/s_axi_ctrl_mgmt' at <0x0100_4000 [ 4K ]>.
Slave segment '/aclk_hbm_hierarchy/clkwiz_hbm/s_axi_lite/Reg' is being assigned into address space '/s_axi_ctrl_mgmt' at <0x0100_F000 [ 4K ]>.
Slave segment '/frequency_counters/frequency_counter_aclk_hbm/S_AXI/reg0' is being assigned into address space '/s_axi_ctrl_mgmt' at <0x0101_0000 [ 4K ]>.
Address Space </s_axi_ctrl_mgmt> has no unaddressed segments
xit::source_ipfile: Time (s): cpu = 00:00:11 ; elapsed = 00:00:12 . Memory (MB): peak = 3353.227 ; gain = 376.258 ; free physical = 669 ; free virtual = 107079
Adding component instance block -- xilinx.com:ip:axi_register_slice:2.1 - axi_regslice_slr0
Adding component instance block -- xilinx.com:ip:axi_register_slice:2.1 - axi_regslice_slr1
Adding component instance block -- xilinx.com:ip:axi_register_slice:2.1 - axi_regslice_slr2
Adding component instance block -- xilinx.com:ip:util_reduced_logic:2.0 - hbm_ddr_init_complete
Adding component instance block -- xilinx.com:ip:xlconcat:2.1 - hbm_ddr_concat
Adding component instance block -- xilinx.com:ip:proc_sys_reset:5.0 - proc_sys_reset_ctrl_slr0
Adding component instance block -- xilinx.com:ip:proc_sys_reset:5.0 - proc_sys_reset_ctrl_slr1
Adding component instance block -- xilinx.com:ip:proc_sys_reset:5.0 - proc_sys_reset_ctrl_slr2
Adding component instance block -- xilinx.com:ip:proc_sys_reset:5.0 - proc_sys_reset_kernel_slr0
Adding component instance block -- xilinx.com:ip:proc_sys_reset:5.0 - proc_sys_reset_kernel_slr1
Adding component instance block -- xilinx.com:ip:proc_sys_reset:5.0 - proc_sys_reset_kernel_slr2
Adding component instance block -- xilinx.com:ip:proc_sys_reset:5.0 - proc_sys_reset_kernel2_slr0
Adding component instance block -- xilinx.com:ip:proc_sys_reset:5.0 - proc_sys_reset_kernel2_slr1
Adding component instance block -- xilinx.com:ip:proc_sys_reset:5.0 - proc_sys_reset_kernel2_slr2
Adding component instance block -- xilinx.com:ip:proc_sys_reset:5.0 - proc_sys_reset_freerun_slr0
Adding component instance block -- xilinx.com:ip:proc_sys_reset:5.0 - proc_sys_reset_freerun_slr1
Adding component instance block -- xilinx.com:ip:proc_sys_reset:5.0 - proc_sys_reset_freerun_slr2
Adding component instance block -- xilinx.com:ip:axi_gpio:2.0 - axi_gpio_null
Adding component instance block -- xilinx.com:ip:axi_vip:1.1 - axi_vip_ctrl_userpf
Adding component instance block -- xilinx.com:ip:axi_interconnect:2.1 - interconnect_axilite_user
Adding component instance block -- xilinx.com:ip:axi_register_slice:2.1 - s00_regslice
Adding component instance block -- xilinx.com:ip:axi_clock_converter:2.1 - auto_cc
Adding component instance block -- xilinx.com:ip:axi_register_slice:2.1 - regslice_control_userpf
Adding component instance block -- xilinx.com:ip:axi_register_slice:2.1 - regslice_data
Adding component instance block -- xilinx.com:ip:axi_vip:1.1 - axi_vip_data
Adding component instance block -- xilinx.com:ip:axi_gpio:2.0 - axi_gpio_null
Adding component instance block -- xilinx.com:ip:axi_vip:1.1 - axi_vip_ctrl_userpf
Adding component instance block -- xilinx.com:ip:axi_interconnect:2.1 - interconnect_axilite_user
Adding component instance block -- xilinx.com:ip:axi_register_slice:2.1 - s00_regslice
Adding component instance block -- xilinx.com:ip:axi_clock_converter:2.1 - auto_cc
Adding component instance block -- xilinx.com:ip:axi_register_slice:2.1 - regslice_control_userpf
Adding component instance block -- xilinx.com:ip:axi_register_slice:2.1 - regslice_data
Adding component instance block -- xilinx.com:ip:axi_vip:1.1 - axi_vip_data
Adding component instance block -- xilinx.com:ip:axi_gpio:2.0 - axi_gpio_null
Adding component instance block -- xilinx.com:ip:axi_vip:1.1 - axi_vip_ctrl_userpf
Adding component instance block -- xilinx.com:ip:axi_interconnect:2.1 - interconnect_axilite_user
Adding component instance block -- xilinx.com:ip:axi_register_slice:2.1 - s00_regslice
Adding component instance block -- xilinx.com:ip:axi_clock_converter:2.1 - auto_cc
Adding component instance block -- xilinx.com:ip:axi_register_slice:2.1 - regslice_control_userpf
Adding component instance block -- xilinx.com:ip:axi_register_slice:2.1 - regslice_data
Adding component instance block -- xilinx.com:ip:axi_vip:1.1 - axi_vip_data
Successfully read diagram <ulp> from block design file </home/rdave009/minirocket-hls/MiniRocketHLS/tcl_template/build_fpga/link/vivado/vpl/prj/prj.srcs/my_rm/bd/ulp/ulp.bd>
INFO: [BD 41-1799] The block design contains upgradeable cell(s), automatically upgrading to newest version...
INFO: [IP_Flow 19-3422] Upgraded ulp_axi_ic_ctrl_mgmt_slr1_0 (AXI Interconnect 2.1) from revision 27 to revision 30
INFO: [IP_Flow 19-3422] Upgraded ulp_interconnect_axilite_user_0 (AXI Interconnect 2.1) from revision 27 to revision 30
INFO: [IP_Flow 19-3422] Upgraded ulp_interconnect_axilite_user_1 (AXI Interconnect 2.1) from revision 27 to revision 30
INFO: [IP_Flow 19-3422] Upgraded ulp_interconnect_axilite_user_2 (AXI Interconnect 2.1) from revision 27 to revision 30
INFO: [BD 41-1799] The block design contains upgradeable cell(s), automatically upgrading to newest version...
INFO: [IP_Flow 19-3422] Upgraded ulp_memory_subsystem_0 (SDx Memory Subsystem 1.0) from revision 13 to revision 17
INFO: [IP_Flow 19-3422] Upgraded ulp_hmss_0_0 (HBM Memory Subsystem (HMSS) 2.0) from revision 6 to revision 9
INFO: [IP_Flow 19-3422] Upgraded ulp_axi_vip_data_0 (AXI Verification IP 1.1) from revision 12 to revision 15
INFO: [IP_Flow 19-3422] Upgraded ulp_axi_data_sc_0 (AXI SmartConnect 1.0) from revision 18 to revision 21
INFO: [IP_Flow 19-3422] Upgraded ulp_satellite_gpio_slice_1_0 (Slice 1.0) from revision 2 to revision 3
INFO: [IP_Flow 19-3422] Upgraded ulp_axi_regslice_slr0_0 (AXI Register Slice 2.1) from revision 26 to revision 29
INFO: [IP_Flow 19-3422] Upgraded ulp_axi_regslice_slr1_0 (AXI Register Slice 2.1) from revision 26 to revision 29
INFO: [IP_Flow 19-3422] Upgraded ulp_axi_regslice_slr2_0 (AXI Register Slice 2.1) from revision 26 to revision 29
INFO: [IP_Flow 19-3422] Upgraded ulp_hbm_ddr_init_complete_0 (Utility Reduced Logic 2.0) from revision 4 to revision 5
INFO: [IP_Flow 19-3422] Upgraded ulp_hbm_ddr_concat_0 (Concat 2.1) from revision 4 to revision 5
INFO: [IP_Flow 19-3422] Upgraded ulp_proc_sys_reset_ctrl_slr0_0 (Processor System Reset 5.0) from revision 13 to revision 14
INFO: [IP_Flow 19-3422] Upgraded ulp_proc_sys_reset_ctrl_slr1_0 (Processor System Reset 5.0) from revision 13 to revision 14
INFO: [IP_Flow 19-3422] Upgraded ulp_proc_sys_reset_ctrl_slr2_0 (Processor System Reset 5.0) from revision 13 to revision 14
INFO: [IP_Flow 19-3422] Upgraded ulp_proc_sys_reset_kernel_slr0_0 (Processor System Reset 5.0) from revision 13 to revision 14
INFO: [IP_Flow 19-3422] Upgraded ulp_proc_sys_reset_kernel_slr1_0 (Processor System Reset 5.0) from revision 13 to revision 14
INFO: [IP_Flow 19-3422] Upgraded ulp_proc_sys_reset_kernel_slr2_0 (Processor System Reset 5.0) from revision 13 to revision 14
INFO: [IP_Flow 19-3422] Upgraded ulp_proc_sys_reset_kernel2_slr0_0 (Processor System Reset 5.0) from revision 13 to revision 14
INFO: [IP_Flow 19-3422] Upgraded ulp_proc_sys_reset_kernel2_slr1_0 (Processor System Reset 5.0) from revision 13 to revision 14
INFO: [IP_Flow 19-3422] Upgraded ulp_proc_sys_reset_kernel2_slr2_0 (Processor System Reset 5.0) from revision 13 to revision 14
INFO: [IP_Flow 19-3422] Upgraded ulp_proc_sys_reset_freerun_slr0_0 (Processor System Reset 5.0) from revision 13 to revision 14
INFO: [IP_Flow 19-3422] Upgraded ulp_proc_sys_reset_freerun_slr1_0 (Processor System Reset 5.0) from revision 13 to revision 14
INFO: [IP_Flow 19-3422] Upgraded ulp_proc_sys_reset_freerun_slr2_0 (Processor System Reset 5.0) from revision 13 to revision 14
INFO: [IP_Flow 19-3422] Upgraded ulp_axi_gpio_null_0 (AXI GPIO 2.0) from revision 28 to revision 31
INFO: [IP_Flow 19-3422] Upgraded ulp_axi_vip_ctrl_userpf_0 (AXI Verification IP 1.1) from revision 12 to revision 15
INFO: [IP_Flow 19-3422] Upgraded ulp_regslice_control_userpf_0 (AXI Register Slice 2.1) from revision 26 to revision 29
INFO: [IP_Flow 19-3422] Upgraded ulp_regslice_data_0 (AXI Register Slice 2.1) from revision 26 to revision 29
INFO: [IP_Flow 19-3422] Upgraded ulp_axi_vip_data_1 (AXI Verification IP 1.1) from revision 12 to revision 15
INFO: [IP_Flow 19-3422] Upgraded ulp_axi_gpio_null_1 (AXI GPIO 2.0) from revision 28 to revision 31
INFO: [IP_Flow 19-3422] Upgraded ulp_axi_vip_ctrl_userpf_1 (AXI Verification IP 1.1) from revision 12 to revision 15
INFO: [IP_Flow 19-3422] Upgraded ulp_regslice_control_userpf_1 (AXI Register Slice 2.1) from revision 26 to revision 29
INFO: [IP_Flow 19-3422] Upgraded ulp_regslice_data_1 (AXI Register Slice 2.1) from revision 26 to revision 29
INFO: [IP_Flow 19-3422] Upgraded ulp_axi_vip_data_2 (AXI Verification IP 1.1) from revision 12 to revision 15
INFO: [IP_Flow 19-3422] Upgraded ulp_axi_gpio_null_2 (AXI GPIO 2.0) from revision 28 to revision 31
INFO: [IP_Flow 19-3422] Upgraded ulp_axi_vip_ctrl_userpf_2 (AXI Verification IP 1.1) from revision 12 to revision 15
INFO: [IP_Flow 19-3422] Upgraded ulp_regslice_control_userpf_2 (AXI Register Slice 2.1) from revision 26 to revision 29
INFO: [IP_Flow 19-3422] Upgraded ulp_regslice_data_2 (AXI Register Slice 2.1) from revision 26 to revision 29
INFO: [IP_Flow 19-3422] Upgraded ulp_axi_vip_data_3 (AXI Verification IP 1.1) from revision 12 to revision 15
Wrote  : </home/rdave009/minirocket-hls/MiniRocketHLS/tcl_template/build_fpga/link/vivado/vpl/prj/prj.srcs/my_rm/bd/ulp/ulp.bd> 
open_bd_design: Time (s): cpu = 00:00:29 ; elapsed = 00:00:41 . Memory (MB): peak = 3422.508 ; gain = 1877.406 ; free physical = 698 ; free virtual = 107002
INFO: [OCL_UTIL] internal step: report locked IPs
INFO: [OCL_UTIL] internal step: source .local/dr.bd.tcl
ERROR: [BD 5-683] VLNV <xilinx.com:user:krnl_top:1.0> is not supported for the current part.
ERROR: caught error: ERROR: [Common 17-39] 'create_bd_cell' failed due to earlier errors.

    while executing
"create_bd_cell -type ip -vlnv xilinx.com:user:krnl_top:1.0 krnl_top_1"
    invoked from within
"set krnl_top_1 [create_bd_cell -type ip -vlnv xilinx.com:user:krnl_top:1.0 krnl_top_1]"
    (file ".local/dr.bd.tcl" line 33)
    invoked from within
"source $dr_bd_tcl"
[18:28:54] Run vpl: Step create_bd: Failed
INFO: [OCL_UTIL] current step: vpl.create_bd failed. To rerun the existing project please use --from_step vpl.create_bd
Failed to update block diagram in project required for hardware synthesis.The project is 'prj'. The block diagram update script is '.local/dr.bd.tcl'. The block diagram update script was generated by system linker. An error stack with function names and arguments may be available in the 'vivado.log'.
INFO: [Common 17-206] Exiting Vivado at Mon Nov 17 18:28:54 2025...
