
****** Vitis HLS - High-Level Synthesis from C, C++ and OpenCL v2023.2 (64-bit)
  **** SW Build 4023990 on Oct 11 2023
  **** IP Build 4028589 on Sat Oct 14 00:45:43 MDT 2023
  **** SharedData Build 4025554 on Tue Oct 10 17:18:54 MDT 2023
    ** Copyright 1986-2022 Xilinx, Inc. All Rights Reserved.
    ** Copyright 2022-2023 Advanced Micro Devices, Inc. All Rights Reserved.

source /home/Xilinx/Vitis_HLS/2023.2/scripts/vitis_hls/hls.tcl -notrace
INFO: [HLS 200-10] Running '/home/Xilinx/Vitis_HLS/2023.2/bin/unwrapped/lnx64.o/vitis_hls'
INFO: [HLS 200-10] For user 'rdave009' on host 'wolverine.cs.ucr.edu' (Linux_x86_64 version 5.15.0-151-generic) on Wed Nov 19 13:39:32 PST 2025
INFO: [HLS 200-10] On os Ubuntu 22.04.5 LTS
INFO: [HLS 200-10] In directory '/home/rdave009/minirocket-hls/MiniRocketHLS/tcl_template/build/src'
INFO: [HLS 200-2053] The vitis_hls executable is being deprecated. Consider using vitis-run --mode hls --tcl
Sourcing Tcl script 'make.tcl'
INFO: [HLS 200-1510] Running: open_project krnl_top_prj 
INFO: [HLS 200-10] Opening project '/home/rdave009/minirocket-hls/MiniRocketHLS/tcl_template/build/src/krnl_top_prj'.
INFO: [HLS 200-1510] Running: open_solution solution1 
INFO: [HLS 200-10] Opening solution '/home/rdave009/minirocket-hls/MiniRocketHLS/tcl_template/build/src/krnl_top_prj/solution1'.
INFO: [SYN 201-201] Setting up clock 'default' with a period of 3.333ns.
INFO: [HLS 200-1611] Setting target device to 'xcu280-fsvh2892-2L-e'
INFO: [HLS 200-1505] Using flow_target 'vivado'
Resolution: For help on HLS 200-1505 see docs.xilinx.com/access/sources/dita/topic?Doc_Version=2023.2%20English&url=ug1448-hls-guidance&resourceid=200-1505.html
INFO: [HLS 200-435] Setting 'open_solution -flow_target vivado' configuration: config_interface -m_axi_latency=0
INFO: [HLS 200-435] Setting 'open_solution -flow_target vivado' configuration: config_interface -m_axi_alignment_byte_size=1
INFO: [HLS 200-435] Setting 'open_solution -flow_target vivado' configuration: config_interface -m_axi_max_widen_bitwidth=0
INFO: [HLS 200-435] Setting 'open_solution -flow_target vivado' configuration: config_rtl -register_reset_num=0
INFO: [HLS 200-1464] Running solution command: config_interface -m_axi_latency=64
INFO: [HLS 200-1464] Running solution command: config_interface -m_axi_alignment_byte_size=64
INFO: [HLS 200-1464] Running solution command: config_interface -m_axi_max_widen_bitwidth=512
INFO: [HLS 200-1464] Running solution command: config_rtl -register_reset_num=3
INFO: [HLS 200-1464] Running solution command: config_export -format=xo
INFO: [HLS 200-1510] Running: set_part xcu280-fsvh2892-2L-e 
INFO: [HLS 200-1510] Running: create_clock -period 300.000000MHz -name default 
INFO: [HLS 200-1510] Running: set_top krnl_top 
INFO: [HLS 200-1510] Running: config_interface -m_axi_latency=64 
INFO: [HLS 200-1510] Running: config_interface -m_axi_alignment_byte_size=64 
INFO: [HLS 200-1510] Running: config_interface -m_axi_max_widen_bitwidth=512 
INFO: [HLS 200-1510] Running: config_rtl -register_reset_num=3 
INFO: [HLS 200-1510] Running: add_files /home/rdave009/minirocket-hls/MiniRocketHLS/tcl_template/src/krnl.cpp -cflags -I/home/rdave009/minirocket-hls/MiniRocketHLS/tcl_template/build/src 
INFO: [HLS 200-10] Adding design file '/home/rdave009/minirocket-hls/MiniRocketHLS/tcl_template/src/krnl.cpp' to the project
INFO: [HLS 200-1510] Running: add_files -tb /home/rdave009/minirocket-hls/MiniRocketHLS/tcl_template/src/test_krnl.cpp -cflags -I/home/rdave009/minirocket-hls/MiniRocketHLS/tcl_template/build/src 
INFO: [HLS 200-10] Adding test bench file '/home/rdave009/minirocket-hls/MiniRocketHLS/tcl_template/src/test_krnl.cpp' to the project
INFO: [HLS 200-112] Total CPU user time: 3.1 seconds. Total CPU system time: 0.37 seconds. Total elapsed time: 4.88 seconds; peak allocated memory: 290.027 MB.
INFO: [Common 17-206] Exiting vitis_hls at Wed Nov 19 13:39:35 2025...
