#-----------------------------------------------------------
# Vivado v2023.2 (64-bit)
# SW Build 4029153 on Fri Oct 13 20:13:54 MDT 2023
# IP Build 4028589 on Sat Oct 14 00:45:43 MDT 2023
# SharedData Build 4025554 on Tue Oct 10 17:18:54 MDT 2023
# Start of session at: Wed Nov 19 13:37:44 2025
# Process ID: 652467
# Current directory: /home/rdave009/minirocket-hls/MiniRocketHLS/tcl_template/build/src/krnl_top_prj/solution1/impl/ip
# Command line: vivado -notrace -mode batch -source run_ippack.tcl
# Log file: /home/rdave009/minirocket-hls/MiniRocketHLS/tcl_template/build/src/krnl_top_prj/solution1/impl/ip/vivado.log
# Journal file: /home/rdave009/minirocket-hls/MiniRocketHLS/tcl_template/build/src/krnl_top_prj/solution1/impl/ip/vivado.jou
# Running On: wolverine, OS: Linux, CPU Frequency: 1200.000 MHz, CPU Physical cores: 16, Host memory: 135062 MB
#-----------------------------------------------------------
source run_ippack.tcl -notrace
create_project: Time (s): cpu = 00:00:09 ; elapsed = 00:00:17 . Memory (MB): peak = 1396.164 ; gain = 99.836 ; free physical = 817 ; free virtual = 112782
INFO: [IP_Flow 19-234] Refreshing IP repositories
INFO: [IP_Flow 19-1704] No user IP repositories specified
INFO: [IP_Flow 19-2313] Loaded Vivado IP repository '/home/Xilinx/Vivado/2023.2/data/ip'.
create_ip: Time (s): cpu = 00:00:02 ; elapsed = 00:00:06 . Memory (MB): peak = 1480.730 ; gain = 84.566 ; free physical = 890 ; free virtual = 112715
INFO: [IP_Flow 19-1686] Generating 'Synthesis' target for IP 'krnl_top_fadd_32ns_32ns_32_5_no_dsp_1_ip'...
INFO: [IP_Flow 19-1686] Generating 'Simulation' target for IP 'krnl_top_fadd_32ns_32ns_32_5_no_dsp_1_ip'...
INFO: [IP_Flow 19-1686] Generating 'Synthesis' target for IP 'krnl_top_fadd_32ns_32ns_32_7_full_dsp_1_ip'...
INFO: [IP_Flow 19-1686] Generating 'Simulation' target for IP 'krnl_top_fadd_32ns_32ns_32_7_full_dsp_1_ip'...
INFO: [IP_Flow 19-1686] Generating 'Synthesis' target for IP 'krnl_top_faddfsub_32ns_32ns_32_7_full_dsp_1_ip'...
INFO: [IP_Flow 19-1686] Generating 'Simulation' target for IP 'krnl_top_faddfsub_32ns_32ns_32_7_full_dsp_1_ip'...
INFO: [IP_Flow 19-1686] Generating 'Synthesis' target for IP 'krnl_top_fcmp_32ns_32ns_1_2_no_dsp_1_ip'...
INFO: [IP_Flow 19-1686] Generating 'Simulation' target for IP 'krnl_top_fcmp_32ns_32ns_1_2_no_dsp_1_ip'...
INFO: [IP_Flow 19-1686] Generating 'Synthesis' target for IP 'krnl_top_fdiv_32ns_32ns_32_12_no_dsp_1_ip'...
INFO: [IP_Flow 19-1686] Generating 'Simulation' target for IP 'krnl_top_fdiv_32ns_32ns_32_12_no_dsp_1_ip'...
INFO: [IP_Flow 19-1686] Generating 'Synthesis' target for IP 'krnl_top_fmul_32ns_32ns_32_4_max_dsp_1_ip'...
INFO: [IP_Flow 19-1686] Generating 'Simulation' target for IP 'krnl_top_fmul_32ns_32ns_32_4_max_dsp_1_ip'...
INFO: [IP_Flow 19-1686] Generating 'Synthesis' target for IP 'krnl_top_sitofp_32ns_32_5_no_dsp_1_ip'...
INFO: [IP_Flow 19-1686] Generating 'Simulation' target for IP 'krnl_top_sitofp_32ns_32_5_no_dsp_1_ip'...
INFO: [IP_Flow 19-234] Refreshing IP repositories
INFO: [IP_Flow 19-1704] No user IP repositories specified
INFO: [IP_Flow 19-2313] Loaded Vivado IP repository '/home/Xilinx/Vivado/2023.2/data/ip'.
Running package_xo -xo_path /home/rdave009/minirocket-hls/MiniRocketHLS/tcl_template/build/src/krnl_top_prj/solution1/impl/export.xo -kernel_name krnl_top -kernel_xml /home/rdave009/minirocket-hls/MiniRocketHLS/tcl_template/build/src/krnl_top_prj/solution1/impl/ip/../kernel/kernel.xml -kernel_files /home/rdave009/minirocket-hls/MiniRocketHLS/tcl_template/src/krnl.cpp -ip_directory /home/rdave009/minirocket-hls/MiniRocketHLS/tcl_template/build/src/krnl_top_prj/solution1/impl/ip/ip_unzip_dir -design_xml /home/rdave009/minirocket-hls/MiniRocketHLS/tcl_template/build/src/krnl_top_prj/solution1/.autopilot/db/krnl_top.design.xml -debug_directory /home/rdave009/minirocket-hls/MiniRocketHLS/tcl_template/build/src/krnl_top_prj/solution1/.debug -hls_directory /home/rdave009/minirocket-hls/MiniRocketHLS/tcl_template/build/src/krnl_top_prj/solution1/impl/ip/hls_files -kernel_json /home/rdave009/minirocket-hls/MiniRocketHLS/tcl_template/build/src/krnl_top_prj/solution1/solution1_data.json
INFO: [Common 17-206] Exiting Vivado at Wed Nov 19 13:39:26 2025...
