==============================================================
Vitis HLS - High-Level Synthesis from C, C++ and OpenCL v2023.2 (64-bit)
Tool Version Limit: 2023.10
Copyright 1986-2022 Xilinx, Inc. All Rights Reserved.
Copyright 2022-2023 Advanced Micro Devices, Inc. All Rights Reserved.

==============================================================
INFO: [HLS 200-1505] Using default flow_target 'vivado'
INFO: [HLS 200-1510] Running: set_part xcu280-fsvh2892-2L-e 
INFO: [HLS 200-1611] Setting target device to 'xcu280-fsvh2892-2L-e'
INFO: [HLS 200-1510] Running: create_clock -period 300.000000MHz -name default 
INFO: [SYN 201-201] Setting up clock 'default' with a period of 3.333ns.
INFO: [HLS 200-1510] Running: set_top krnl 
INFO: [HLS 200-1510] Running: config_interface -m_axi_latency=64 
INFO: [HLS 200-1510] Running: config_interface -m_axi_alignment_byte_size=64 
INFO: [HLS 200-1510] Running: config_interface -m_axi_max_widen_bitwidth=512 
INFO: [HLS 200-1510] Running: config_rtl -register_reset_num=3 
INFO: [HLS 200-1510] Running: add_files /home/rdave009/minirocket-hls/MiniRocketHLS/tcl_template/src/krnl.cpp -cflags -I/home/rdave009/minirocket-hls/MiniRocketHLS/tcl_template/build/src 
INFO: [HLS 200-10] Adding design file '/home/rdave009/minirocket-hls/MiniRocketHLS/tcl_template/src/krnl.cpp' to the project
INFO: [HLS 200-1510] Running: add_files -tb /home/rdave009/minirocket-hls/MiniRocketHLS/tcl_template/src/test_krnl.cpp -cflags -I/home/rdave009/minirocket-hls/MiniRocketHLS/tcl_template/build/src 
INFO: [HLS 200-10] Adding test bench file '/home/rdave009/minirocket-hls/MiniRocketHLS/tcl_template/src/test_krnl.cpp' to the project
INFO: [HLS 200-1510] Running: csynth_design 
INFO: [HLS 200-111] Finished File checks and directory preparation: CPU user time: 0.1 seconds. CPU system time: 0.02 seconds. Elapsed time: 0.15 seconds; current allocated memory: 260.121 MB.
INFO: [HLS 200-10] Analyzing design file '/home/rdave009/minirocket-hls/MiniRocketHLS/tcl_template/src/krnl.cpp' ... 
WARNING: [HLS 207-5292] unused parameter 'num_features_per_dilation' (/home/rdave009/minirocket-hls/MiniRocketHLS/tcl_template/src/krnl.cpp:81:11)
WARNING: [HLS 200-1986] Could not apply TOP directive, invalid function, label, or variable (/home/rdave009/minirocket-hls/MiniRocketHLS/tcl_template/build/src/make.tcl:28)
INFO: [HLS 200-111] Finished Source Code Analysis and Preprocessing: CPU user time: 2.67 seconds. CPU system time: 0.45 seconds. Elapsed time: 10.64 seconds; current allocated memory: 262.633 MB.
ERROR: [HLS 214-157] Top function not found: there is no function named 'krnl'
INFO: [HLS 200-111] Finished Command csynth_design CPU user time: 5.8 seconds. CPU system time: 0.78 seconds. Elapsed time: 19.46 seconds; current allocated memory: 3.191 MB.
