

================================================================
== Vitis HLS Report for 'krnl_top_Pipeline_4'
================================================================
* Date:           Wed Nov 19 13:37:01 2025

* Version:        2023.2 (Build 4023990 on Oct 11 2023)
* Project:        krnl_top_prj
* Solution:       solution1 (Vivado IP Flow Target)
* Product family: virtexuplusHBM
* Target device:  xcu280-fsvh2892-2L-e


================================================================
== Performance Estimates
================================================================
+ Timing: 
    * Summary: 
    +--------+---------+----------+------------+
    |  Clock |  Target | Estimated| Uncertainty|
    +--------+---------+----------+------------+
    |ap_clk  |  3.33 ns|  1.915 ns|     0.90 ns|
    +--------+---------+----------+------------+

+ Latency: 
    * Summary: 
    +---------+---------+-----------+-----------+-------+-------+---------+
    |  Latency (cycles) |   Latency (absolute)  |    Interval   | Pipeline|
    |   min   |   max   |    min    |    max    |  min  |  max  |   Type  |
    +---------+---------+-----------+-----------+-------+-------+---------+
    |    10001|    10001|  33.333 us|  33.333 us|  10001|  10001|       no|
    +---------+---------+-----------+-----------+-------+-------+---------+

    + Detail: 
        * Instance: 
        N/A

        * Loop: 
        +----------+---------+---------+----------+-----------+-----------+-------+----------+
        |          |  Latency (cycles) | Iteration|  Initiation Interval  |  Trip |          |
        | Loop Name|   min   |   max   |  Latency |  achieved |   target  | Count | Pipelined|
        +----------+---------+---------+----------+-----------+-----------+-------+----------+
        |- Loop 1  |     9999|     9999|         1|          1|          1|  10000|       yes|
        +----------+---------+---------+----------+-----------+-----------+-------+----------+



================================================================
== Utilization Estimates
================================================================
* Summary: 
+---------------------+---------+------+---------+---------+-----+
|         Name        | BRAM_18K|  DSP |    FF   |   LUT   | URAM|
+---------------------+---------+------+---------+---------+-----+
|DSP                  |        -|     -|        -|        -|    -|
|Expression           |        -|     -|        0|       42|    -|
|FIFO                 |        -|     -|        -|        -|    -|
|Instance             |        -|     -|        -|        -|    -|
|Memory               |        -|     -|        -|        -|    -|
|Multiplexer          |        -|     -|        -|       27|    -|
|Register             |        -|     -|       16|        -|    -|
+---------------------+---------+------+---------+---------+-----+
|Total                |        0|     0|       16|       69|    0|
+---------------------+---------+------+---------+---------+-----+
|Available SLR        |     1344|  3008|   869120|   434560|  320|
+---------------------+---------+------+---------+---------+-----+
|Utilization SLR (%)  |        0|     0|       ~0|       ~0|    0|
+---------------------+---------+------+---------+---------+-----+
|Available            |     4032|  9024|  2607360|  1303680|  960|
+---------------------+---------+------+---------+---------+-----+
|Utilization (%)      |        0|     0|       ~0|       ~0|    0|
+---------------------+---------+------+---------+---------+-----+

+ Detail: 
    * Instance: 
    N/A

    * DSP: 
    N/A

    * Memory: 
    N/A

    * FIFO: 
    N/A

    * Expression: 
    +----------------------+----------+----+---+----+------------+------------+
    |     Variable Name    | Operation| DSP| FF| LUT| Bitwidth P0| Bitwidth P1|
    +----------------------+----------+----+---+----+------------+------------+
    |add_ln231_fu_124_p2   |         +|   0|  0|  21|          14|           1|
    |icmp_ln231_fu_130_p2  |      icmp|   0|  0|  21|          14|          14|
    +----------------------+----------+----+---+----+------------+------------+
    |Total                 |          |   0|  0|  42|          28|          15|
    +----------------------+----------+----+---+----+------------+------------+

    * Multiplexer: 
    +------------------------------------+----+-----------+-----+-----------+
    |                Name                | LUT| Input Size| Bits| Total Bits|
    +------------------------------------+----+-----------+-----+-----------+
    |ap_done_int                         |   9|          2|    1|          2|
    |ap_sig_allocacmp_indvars_iv12_load  |   9|          2|   14|         28|
    |indvars_iv12_fu_42                  |   9|          2|   14|         28|
    +------------------------------------+----+-----------+-----+-----------+
    |Total                               |  27|          6|   29|         58|
    +------------------------------------+----+-----------+-----+-----------+

    * Register: 
    +--------------------+----+----+-----+-----------+
    |        Name        | FF | LUT| Bits| Const Bits|
    +--------------------+----+----+-----+-----------+
    |ap_CS_fsm           |   1|   0|    1|          0|
    |ap_done_reg         |   1|   0|    1|          0|
    |indvars_iv12_fu_42  |  14|   0|   14|          0|
    +--------------------+----+----+-----+-----------+
    |Total               |  16|   0|   16|          0|
    +--------------------+----+----+-----+-----------+



================================================================
== Interface
================================================================
* Summary: 
+-------------------------------+-----+-----+------------+----------------------+--------------+
|           RTL Ports           | Dir | Bits|  Protocol  |     Source Object    |    C Type    |
+-------------------------------+-----+-----+------------+----------------------+--------------+
|ap_clk                         |   in|    1|  ap_ctrl_hs|   krnl_top_Pipeline_4|  return value|
|ap_rst                         |   in|    1|  ap_ctrl_hs|   krnl_top_Pipeline_4|  return value|
|ap_start                       |   in|    1|  ap_ctrl_hs|   krnl_top_Pipeline_4|  return value|
|ap_done                        |  out|    1|  ap_ctrl_hs|   krnl_top_Pipeline_4|  return value|
|ap_idle                        |  out|    1|  ap_ctrl_hs|   krnl_top_Pipeline_4|  return value|
|ap_ready                       |  out|    1|  ap_ctrl_hs|   krnl_top_Pipeline_4|  return value|
|local_coefficients_3_address0  |  out|   14|   ap_memory|  local_coefficients_3|         array|
|local_coefficients_3_ce0       |  out|    1|   ap_memory|  local_coefficients_3|         array|
|local_coefficients_3_we0       |  out|    1|   ap_memory|  local_coefficients_3|         array|
|local_coefficients_3_d0        |  out|   32|   ap_memory|  local_coefficients_3|         array|
|local_coefficients_2_address0  |  out|   14|   ap_memory|  local_coefficients_2|         array|
|local_coefficients_2_ce0       |  out|    1|   ap_memory|  local_coefficients_2|         array|
|local_coefficients_2_we0       |  out|    1|   ap_memory|  local_coefficients_2|         array|
|local_coefficients_2_d0        |  out|   32|   ap_memory|  local_coefficients_2|         array|
|local_coefficients_1_address0  |  out|   14|   ap_memory|  local_coefficients_1|         array|
|local_coefficients_1_ce0       |  out|    1|   ap_memory|  local_coefficients_1|         array|
|local_coefficients_1_we0       |  out|    1|   ap_memory|  local_coefficients_1|         array|
|local_coefficients_1_d0        |  out|   32|   ap_memory|  local_coefficients_1|         array|
|local_coefficients_address0    |  out|   14|   ap_memory|    local_coefficients|         array|
|local_coefficients_ce0         |  out|    1|   ap_memory|    local_coefficients|         array|
|local_coefficients_we0         |  out|    1|   ap_memory|    local_coefficients|         array|
|local_coefficients_d0          |  out|   32|   ap_memory|    local_coefficients|         array|
|phi_ln231                      |   in|    2|     ap_none|             phi_ln231|        scalar|
+-------------------------------+-----+-----+------------+----------------------+--------------+

