

================================================================
== Vitis HLS Report for 'apply_kernel_hls_Pipeline_CONV_LOOP'
================================================================
* Date:           Wed Nov 19 13:37:07 2025

* Version:        2023.2 (Build 4023990 on Oct 11 2023)
* Project:        krnl_top_prj
* Solution:       solution1 (Vivado IP Flow Target)
* Product family: virtexuplusHBM
* Target device:  xcu280-fsvh2892-2L-e


================================================================
== Performance Estimates
================================================================
+ Timing: 
    * Summary: 
    +--------+---------+----------+------------+
    |  Clock |  Target | Estimated| Uncertainty|
    +--------+---------+----------+------------+
    |ap_clk  |  3.33 ns|  2.342 ns|     0.90 ns|
    +--------+---------+----------+------------+

+ Latency: 
    * Summary: 
    +---------+---------+----------+----------+-----+-----+---------+
    |  Latency (cycles) |  Latency (absolute) |  Interval | Pipeline|
    |   min   |   max   |    min   |    max   | min | max |   Type  |
    +---------+---------+----------+----------+-----+-----+---------+
    |       92|      540|  0.307 us|  1.800 us|   92|  540|       no|
    +---------+---------+----------+----------+-----+-----+---------+

    + Detail: 
        * Instance: 
        N/A

        * Loop: 
        +-------------+---------+---------+----------+-----------+-----------+----------+----------+
        |             |  Latency (cycles) | Iteration|  Initiation Interval  |   Trip   |          |
        |  Loop Name  |   min   |   max   |  Latency |  achieved |   target  |   Count  | Pipelined|
        +-------------+---------+---------+----------+-----------+-----------+----------+----------+
        |- CONV_LOOP  |       90|      538|        28|          1|          1|  64 ~ 512|       yes|
        +-------------+---------+---------+----------+-----------+-----------+----------+----------+



================================================================
== Utilization Estimates
================================================================
* Summary: 
+---------------------+---------+------+---------+---------+-----+
|         Name        | BRAM_18K|  DSP |    FF   |   LUT   | URAM|
+---------------------+---------+------+---------+---------+-----+
|DSP                  |        -|     -|        -|        -|    -|
|Expression           |        -|     -|        0|      441|    -|
|FIFO                 |        -|     -|        -|        -|    -|
|Instance             |        -|     4|     1131|      672|    -|
|Memory               |        -|     -|        -|        -|    -|
|Multiplexer          |        -|     -|        -|       36|    -|
|Register             |        -|     -|     1129|      288|    -|
+---------------------+---------+------+---------+---------+-----+
|Total                |        0|     4|     2260|     1437|    0|
+---------------------+---------+------+---------+---------+-----+
|Available SLR        |     1344|  3008|   869120|   434560|  320|
+---------------------+---------+------+---------+---------+-----+
|Utilization SLR (%)  |        0|    ~0|       ~0|       ~0|    0|
+---------------------+---------+------+---------+---------+-----+
|Available            |     4032|  9024|  2607360|  1303680|  960|
+---------------------+---------+------+---------+---------+-----+
|Utilization (%)      |        0|    ~0|       ~0|       ~0|    0|
+---------------------+---------+------+---------+---------+-----+

+ Detail: 
    * Instance: 
    +------------------------------------+--------------------------------+---------+----+-----+-----+-----+
    |              Instance              |             Module             | BRAM_18K| DSP|  FF | LUT | URAM|
    +------------------------------------+--------------------------------+---------+----+-----+-----+-----+
    |fadd_32ns_32ns_32_7_full_dsp_1_U89  |fadd_32ns_32ns_32_7_full_dsp_1  |        0|   2|  318|  198|    0|
    |fadd_32ns_32ns_32_7_full_dsp_1_U90  |fadd_32ns_32ns_32_7_full_dsp_1  |        0|   2|  318|  198|    0|
    |mul_3ns_32s_32_2_1_U92              |mul_3ns_32s_32_2_1              |        0|   0|  165|   49|    0|
    |mul_3ns_32s_32_2_1_U93              |mul_3ns_32s_32_2_1              |        0|   0|  165|   49|    0|
    |mul_4ns_32s_32_2_1_U94              |mul_4ns_32s_32_2_1              |        0|   0|  165|   49|    0|
    |sparsemux_17_3_32_1_1_U95           |sparsemux_17_3_32_1_1           |        0|   0|    0|   43|    0|
    |sparsemux_17_3_32_1_1_U96           |sparsemux_17_3_32_1_1           |        0|   0|    0|   43|    0|
    |sparsemux_17_3_32_1_1_U97           |sparsemux_17_3_32_1_1           |        0|   0|    0|   43|    0|
    +------------------------------------+--------------------------------+---------+----+-----+-----+-----+
    |Total                               |                                |        0|   4| 1131|  672|    0|
    +------------------------------------+--------------------------------+---------+----+-----+-----+-----+

    * DSP: 
    N/A

    * Memory: 
    N/A

    * FIFO: 
    N/A

    * Expression: 
    +-----------------------+----------+----+---+----+------------+------------+
    |     Variable Name     | Operation| DSP| FF| LUT| Bitwidth P0| Bitwidth P1|
    +-----------------------+----------+----+---+----+------------+------------+
    |add_ln22_fu_594_p2     |         +|   0|  0|  38|          31|           1|
    |pos_1_fu_675_p2        |         +|   0|  0|  39|          32|          32|
    |pos_2_fu_711_p2        |         +|   0|  0|  39|          32|          32|
    |pos_fu_639_p2          |         +|   0|  0|  39|          32|          32|
    |icmp_ln27_1_fu_670_p2  |      icmp|   0|  0|  39|          32|          32|
    |icmp_ln27_2_fu_706_p2  |      icmp|   0|  0|  39|          32|          32|
    |icmp_ln27_3_fu_742_p2  |      icmp|   0|  0|  39|          32|          32|
    |icmp_ln27_fu_588_p2    |      icmp|   0|  0|  38|          31|          31|
    |value_1_fu_878_p3      |    select|   0|  0|  32|           1|          32|
    |value_3_fu_884_p3      |    select|   0|  0|  32|           1|          32|
    |value_5_fu_900_p3      |    select|   0|  0|  32|           1|          32|
    |ap_enable_pp0          |       xor|   0|  0|   2|           1|           2|
    |xor_ln26_fu_790_p2     |       xor|   0|  0|  33|          32|          33|
    +-----------------------+----------+----+---+----+------------+------------+
    |Total                  |          |   0|  0| 441|         290|         355|
    +-----------------------+----------+----+---+----+------------+------------+

    * Multiplexer: 
    +-------------------------+----+-----------+-----+-----------+
    |           Name          | LUT| Input Size| Bits| Total Bits|
    +-------------------------+----+-----------+-----+-----------+
    |ap_done_int              |   9|          2|    1|          2|
    |ap_enable_reg_pp0_iter1  |   9|          2|    1|          2|
    |ap_sig_allocacmp_j_3     |   9|          2|   31|         62|
    |j_fu_110                 |   9|          2|   31|         62|
    +-------------------------+----+-----------+-----+-----------+
    |Total                    |  36|          8|   64|        128|
    +-------------------------+----+-----------+-----+-----------+

    * Register: 
    +-----------------------------------+----+----+-----+-----------+
    |                Name               | FF | LUT| Bits| Const Bits|
    +-----------------------------------+----+----+-----+-----------+
    |ap_CS_fsm                          |   1|   0|    1|          0|
    |ap_done_reg                        |   1|   0|    1|          0|
    |ap_enable_reg_pp0_iter1            |   1|   0|    1|          0|
    |ap_enable_reg_pp0_iter10           |   1|   0|    1|          0|
    |ap_enable_reg_pp0_iter11           |   1|   0|    1|          0|
    |ap_enable_reg_pp0_iter12           |   1|   0|    1|          0|
    |ap_enable_reg_pp0_iter13           |   1|   0|    1|          0|
    |ap_enable_reg_pp0_iter14           |   1|   0|    1|          0|
    |ap_enable_reg_pp0_iter15           |   1|   0|    1|          0|
    |ap_enable_reg_pp0_iter16           |   1|   0|    1|          0|
    |ap_enable_reg_pp0_iter17           |   1|   0|    1|          0|
    |ap_enable_reg_pp0_iter18           |   1|   0|    1|          0|
    |ap_enable_reg_pp0_iter19           |   1|   0|    1|          0|
    |ap_enable_reg_pp0_iter2            |   1|   0|    1|          0|
    |ap_enable_reg_pp0_iter20           |   1|   0|    1|          0|
    |ap_enable_reg_pp0_iter21           |   1|   0|    1|          0|
    |ap_enable_reg_pp0_iter22           |   1|   0|    1|          0|
    |ap_enable_reg_pp0_iter23           |   1|   0|    1|          0|
    |ap_enable_reg_pp0_iter24           |   1|   0|    1|          0|
    |ap_enable_reg_pp0_iter25           |   1|   0|    1|          0|
    |ap_enable_reg_pp0_iter26           |   1|   0|    1|          0|
    |ap_enable_reg_pp0_iter27           |   1|   0|    1|          0|
    |ap_enable_reg_pp0_iter3            |   1|   0|    1|          0|
    |ap_enable_reg_pp0_iter4            |   1|   0|    1|          0|
    |ap_enable_reg_pp0_iter5            |   1|   0|    1|          0|
    |ap_enable_reg_pp0_iter6            |   1|   0|    1|          0|
    |ap_enable_reg_pp0_iter7            |   1|   0|    1|          0|
    |ap_enable_reg_pp0_iter8            |   1|   0|    1|          0|
    |ap_enable_reg_pp0_iter9            |   1|   0|    1|          0|
    |ap_loop_exit_ready_pp0_iter10_reg  |   1|   0|    1|          0|
    |ap_loop_exit_ready_pp0_iter11_reg  |   1|   0|    1|          0|
    |ap_loop_exit_ready_pp0_iter12_reg  |   1|   0|    1|          0|
    |ap_loop_exit_ready_pp0_iter13_reg  |   1|   0|    1|          0|
    |ap_loop_exit_ready_pp0_iter14_reg  |   1|   0|    1|          0|
    |ap_loop_exit_ready_pp0_iter15_reg  |   1|   0|    1|          0|
    |ap_loop_exit_ready_pp0_iter16_reg  |   1|   0|    1|          0|
    |ap_loop_exit_ready_pp0_iter17_reg  |   1|   0|    1|          0|
    |ap_loop_exit_ready_pp0_iter18_reg  |   1|   0|    1|          0|
    |ap_loop_exit_ready_pp0_iter19_reg  |   1|   0|    1|          0|
    |ap_loop_exit_ready_pp0_iter1_reg   |   1|   0|    1|          0|
    |ap_loop_exit_ready_pp0_iter20_reg  |   1|   0|    1|          0|
    |ap_loop_exit_ready_pp0_iter21_reg  |   1|   0|    1|          0|
    |ap_loop_exit_ready_pp0_iter22_reg  |   1|   0|    1|          0|
    |ap_loop_exit_ready_pp0_iter23_reg  |   1|   0|    1|          0|
    |ap_loop_exit_ready_pp0_iter24_reg  |   1|   0|    1|          0|
    |ap_loop_exit_ready_pp0_iter25_reg  |   1|   0|    1|          0|
    |ap_loop_exit_ready_pp0_iter26_reg  |   1|   0|    1|          0|
    |ap_loop_exit_ready_pp0_iter2_reg   |   1|   0|    1|          0|
    |ap_loop_exit_ready_pp0_iter3_reg   |   1|   0|    1|          0|
    |ap_loop_exit_ready_pp0_iter4_reg   |   1|   0|    1|          0|
    |ap_loop_exit_ready_pp0_iter5_reg   |   1|   0|    1|          0|
    |ap_loop_exit_ready_pp0_iter6_reg   |   1|   0|    1|          0|
    |ap_loop_exit_ready_pp0_iter7_reg   |   1|   0|    1|          0|
    |ap_loop_exit_ready_pp0_iter8_reg   |   1|   0|    1|          0|
    |ap_loop_exit_ready_pp0_iter9_reg   |   1|   0|    1|          0|
    |icmp_ln27_1_reg_988                |   1|   0|    1|          0|
    |icmp_ln27_2_reg_1038               |   1|   0|    1|          0|
    |icmp_ln27_3_reg_1088               |   1|   0|    1|          0|
    |j_3_reg_949                        |  31|   0|   31|          0|
    |j_3_reg_949_pp0_iter1_reg          |  31|   0|   31|          0|
    |j_fu_110                           |  31|   0|   31|          0|
    |lshr_ln_reg_978                    |   6|   0|    6|          0|
    |mul_i_1_reg_1164                   |  32|   0|   32|          0|
    |mul_ln64_1_reg_968                 |  32|   0|   32|          0|
    |mul_ln64_2_reg_973                 |  32|   0|   32|          0|
    |mul_ln64_reg_963                   |  32|   0|   32|          0|
    |tmp_4_reg_1138                     |  32|   0|   32|          0|
    |tmp_5_reg_1143                     |  32|   0|   32|          0|
    |trunc_ln55_reg_959                 |   3|   0|    3|          0|
    |trunc_ln64_1_reg_1033              |   3|   0|    3|          0|
    |trunc_ln64_2_reg_1083              |   3|   0|    3|          0|
    |trunc_ln64_reg_983                 |   3|   0|    3|          0|
    |value_1_reg_1158                   |  32|   0|   32|          0|
    |value_2_reg_1169                   |  32|   0|   32|          0|
    |value_3_reg_1174                   |  32|   0|   32|          0|
    |value_4_reg_1180                   |  32|   0|   32|          0|
    |value_reg_1153                     |  32|   0|   32|          0|
    |xor_ln26_reg_1133                  |  32|   0|   32|          0|
    |icmp_ln27_1_reg_988                |  64|  32|    1|          0|
    |icmp_ln27_2_reg_1038               |  64|  32|    1|          0|
    |icmp_ln27_3_reg_1088               |  64|  32|    1|          0|
    |lshr_ln_reg_978                    |  64|  32|    6|          0|
    |tmp_4_reg_1138                     |  64|  32|   32|          0|
    |tmp_5_reg_1143                     |  64|  32|   32|          0|
    |trunc_ln55_reg_959                 |  64|  32|    3|          0|
    |value_1_reg_1158                   |  64|  32|   32|          0|
    |value_3_reg_1174                   |  64|  32|   32|          0|
    +-----------------------------------+----+----+-----+-----------+
    |Total                              |1129| 288|  693|          0|
    +-----------------------------------+----+----+-----+-----------+



================================================================
== Interface
================================================================
* Summary: 
+-------------------------+-----+-----+------------+-------------------------------------+--------------+
|        RTL Ports        | Dir | Bits|  Protocol  |            Source Object            |    C Type    |
+-------------------------+-----+-----+------------+-------------------------------------+--------------+
|ap_clk                   |   in|    1|  ap_ctrl_hs|  apply_kernel_hls_Pipeline_CONV_LOOP|  return value|
|ap_rst                   |   in|    1|  ap_ctrl_hs|  apply_kernel_hls_Pipeline_CONV_LOOP|  return value|
|ap_start                 |   in|    1|  ap_ctrl_hs|  apply_kernel_hls_Pipeline_CONV_LOOP|  return value|
|ap_done                  |  out|    1|  ap_ctrl_hs|  apply_kernel_hls_Pipeline_CONV_LOOP|  return value|
|ap_idle                  |  out|    1|  ap_ctrl_hs|  apply_kernel_hls_Pipeline_CONV_LOOP|  return value|
|ap_ready                 |  out|    1|  ap_ctrl_hs|  apply_kernel_hls_Pipeline_CONV_LOOP|  return value|
|grp_fu_252_p_din0        |  out|   32|  ap_ctrl_hs|  apply_kernel_hls_Pipeline_CONV_LOOP|  return value|
|grp_fu_252_p_din1        |  out|   32|  ap_ctrl_hs|  apply_kernel_hls_Pipeline_CONV_LOOP|  return value|
|grp_fu_252_p_opcode      |  out|    1|  ap_ctrl_hs|  apply_kernel_hls_Pipeline_CONV_LOOP|  return value|
|grp_fu_252_p_dout0       |   in|   32|  ap_ctrl_hs|  apply_kernel_hls_Pipeline_CONV_LOOP|  return value|
|grp_fu_252_p_ce          |  out|    1|  ap_ctrl_hs|  apply_kernel_hls_Pipeline_CONV_LOOP|  return value|
|grp_fu_256_p_din0        |  out|   32|  ap_ctrl_hs|  apply_kernel_hls_Pipeline_CONV_LOOP|  return value|
|grp_fu_256_p_din1        |  out|   32|  ap_ctrl_hs|  apply_kernel_hls_Pipeline_CONV_LOOP|  return value|
|grp_fu_256_p_dout0       |   in|   32|  ap_ctrl_hs|  apply_kernel_hls_Pipeline_CONV_LOOP|  return value|
|grp_fu_256_p_ce          |  out|    1|  ap_ctrl_hs|  apply_kernel_hls_Pipeline_CONV_LOOP|  return value|
|convolutions_7_address0  |  out|    6|   ap_memory|                       convolutions_7|         array|
|convolutions_7_ce0       |  out|    1|   ap_memory|                       convolutions_7|         array|
|convolutions_7_we0       |  out|    1|   ap_memory|                       convolutions_7|         array|
|convolutions_7_d0        |  out|   32|   ap_memory|                       convolutions_7|         array|
|convolutions_6_address0  |  out|    6|   ap_memory|                       convolutions_6|         array|
|convolutions_6_ce0       |  out|    1|   ap_memory|                       convolutions_6|         array|
|convolutions_6_we0       |  out|    1|   ap_memory|                       convolutions_6|         array|
|convolutions_6_d0        |  out|   32|   ap_memory|                       convolutions_6|         array|
|convolutions_5_address0  |  out|    6|   ap_memory|                       convolutions_5|         array|
|convolutions_5_ce0       |  out|    1|   ap_memory|                       convolutions_5|         array|
|convolutions_5_we0       |  out|    1|   ap_memory|                       convolutions_5|         array|
|convolutions_5_d0        |  out|   32|   ap_memory|                       convolutions_5|         array|
|convolutions_4_address0  |  out|    6|   ap_memory|                       convolutions_4|         array|
|convolutions_4_ce0       |  out|    1|   ap_memory|                       convolutions_4|         array|
|convolutions_4_we0       |  out|    1|   ap_memory|                       convolutions_4|         array|
|convolutions_4_d0        |  out|   32|   ap_memory|                       convolutions_4|         array|
|convolutions_3_address0  |  out|    6|   ap_memory|                       convolutions_3|         array|
|convolutions_3_ce0       |  out|    1|   ap_memory|                       convolutions_3|         array|
|convolutions_3_we0       |  out|    1|   ap_memory|                       convolutions_3|         array|
|convolutions_3_d0        |  out|   32|   ap_memory|                       convolutions_3|         array|
|convolutions_2_address0  |  out|    6|   ap_memory|                       convolutions_2|         array|
|convolutions_2_ce0       |  out|    1|   ap_memory|                       convolutions_2|         array|
|convolutions_2_we0       |  out|    1|   ap_memory|                       convolutions_2|         array|
|convolutions_2_d0        |  out|   32|   ap_memory|                       convolutions_2|         array|
|convolutions_1_address0  |  out|    6|   ap_memory|                       convolutions_1|         array|
|convolutions_1_ce0       |  out|    1|   ap_memory|                       convolutions_1|         array|
|convolutions_1_we0       |  out|    1|   ap_memory|                       convolutions_1|         array|
|convolutions_1_d0        |  out|   32|   ap_memory|                       convolutions_1|         array|
|convolutions_0_address0  |  out|    6|   ap_memory|                       convolutions_0|         array|
|convolutions_0_ce0       |  out|    1|   ap_memory|                       convolutions_0|         array|
|convolutions_0_we0       |  out|    1|   ap_memory|                       convolutions_0|         array|
|convolutions_0_d0        |  out|   32|   ap_memory|                       convolutions_0|         array|
|empty                    |   in|   31|     ap_none|                                empty|        scalar|
|zext_ln13                |   in|    3|     ap_none|                            zext_ln13|        scalar|
|dilation_val             |   in|   32|     ap_none|                         dilation_val|        scalar|
|time_series_length_val   |   in|   32|     ap_none|               time_series_length_val|        scalar|
|time_series_0_address0   |  out|    6|   ap_memory|                        time_series_0|         array|
|time_series_0_ce0        |  out|    1|   ap_memory|                        time_series_0|         array|
|time_series_0_q0         |   in|   32|   ap_memory|                        time_series_0|         array|
|time_series_0_address1   |  out|    6|   ap_memory|                        time_series_0|         array|
|time_series_0_ce1        |  out|    1|   ap_memory|                        time_series_0|         array|
|time_series_0_q1         |   in|   32|   ap_memory|                        time_series_0|         array|
|time_series_0_address2   |  out|    6|   ap_memory|                        time_series_0|         array|
|time_series_0_ce2        |  out|    1|   ap_memory|                        time_series_0|         array|
|time_series_0_q2         |   in|   32|   ap_memory|                        time_series_0|         array|
|time_series_1_address0   |  out|    6|   ap_memory|                        time_series_1|         array|
|time_series_1_ce0        |  out|    1|   ap_memory|                        time_series_1|         array|
|time_series_1_q0         |   in|   32|   ap_memory|                        time_series_1|         array|
|time_series_1_address1   |  out|    6|   ap_memory|                        time_series_1|         array|
|time_series_1_ce1        |  out|    1|   ap_memory|                        time_series_1|         array|
|time_series_1_q1         |   in|   32|   ap_memory|                        time_series_1|         array|
|time_series_1_address2   |  out|    6|   ap_memory|                        time_series_1|         array|
|time_series_1_ce2        |  out|    1|   ap_memory|                        time_series_1|         array|
|time_series_1_q2         |   in|   32|   ap_memory|                        time_series_1|         array|
|time_series_2_address0   |  out|    6|   ap_memory|                        time_series_2|         array|
|time_series_2_ce0        |  out|    1|   ap_memory|                        time_series_2|         array|
|time_series_2_q0         |   in|   32|   ap_memory|                        time_series_2|         array|
|time_series_2_address1   |  out|    6|   ap_memory|                        time_series_2|         array|
|time_series_2_ce1        |  out|    1|   ap_memory|                        time_series_2|         array|
|time_series_2_q1         |   in|   32|   ap_memory|                        time_series_2|         array|
|time_series_2_address2   |  out|    6|   ap_memory|                        time_series_2|         array|
|time_series_2_ce2        |  out|    1|   ap_memory|                        time_series_2|         array|
|time_series_2_q2         |   in|   32|   ap_memory|                        time_series_2|         array|
|time_series_3_address0   |  out|    6|   ap_memory|                        time_series_3|         array|
|time_series_3_ce0        |  out|    1|   ap_memory|                        time_series_3|         array|
|time_series_3_q0         |   in|   32|   ap_memory|                        time_series_3|         array|
|time_series_3_address1   |  out|    6|   ap_memory|                        time_series_3|         array|
|time_series_3_ce1        |  out|    1|   ap_memory|                        time_series_3|         array|
|time_series_3_q1         |   in|   32|   ap_memory|                        time_series_3|         array|
|time_series_3_address2   |  out|    6|   ap_memory|                        time_series_3|         array|
|time_series_3_ce2        |  out|    1|   ap_memory|                        time_series_3|         array|
|time_series_3_q2         |   in|   32|   ap_memory|                        time_series_3|         array|
|time_series_4_address0   |  out|    6|   ap_memory|                        time_series_4|         array|
|time_series_4_ce0        |  out|    1|   ap_memory|                        time_series_4|         array|
|time_series_4_q0         |   in|   32|   ap_memory|                        time_series_4|         array|
|time_series_4_address1   |  out|    6|   ap_memory|                        time_series_4|         array|
|time_series_4_ce1        |  out|    1|   ap_memory|                        time_series_4|         array|
|time_series_4_q1         |   in|   32|   ap_memory|                        time_series_4|         array|
|time_series_4_address2   |  out|    6|   ap_memory|                        time_series_4|         array|
|time_series_4_ce2        |  out|    1|   ap_memory|                        time_series_4|         array|
|time_series_4_q2         |   in|   32|   ap_memory|                        time_series_4|         array|
|time_series_5_address0   |  out|    6|   ap_memory|                        time_series_5|         array|
|time_series_5_ce0        |  out|    1|   ap_memory|                        time_series_5|         array|
|time_series_5_q0         |   in|   32|   ap_memory|                        time_series_5|         array|
|time_series_5_address1   |  out|    6|   ap_memory|                        time_series_5|         array|
|time_series_5_ce1        |  out|    1|   ap_memory|                        time_series_5|         array|
|time_series_5_q1         |   in|   32|   ap_memory|                        time_series_5|         array|
|time_series_5_address2   |  out|    6|   ap_memory|                        time_series_5|         array|
|time_series_5_ce2        |  out|    1|   ap_memory|                        time_series_5|         array|
|time_series_5_q2         |   in|   32|   ap_memory|                        time_series_5|         array|
|time_series_6_address0   |  out|    6|   ap_memory|                        time_series_6|         array|
|time_series_6_ce0        |  out|    1|   ap_memory|                        time_series_6|         array|
|time_series_6_q0         |   in|   32|   ap_memory|                        time_series_6|         array|
|time_series_6_address1   |  out|    6|   ap_memory|                        time_series_6|         array|
|time_series_6_ce1        |  out|    1|   ap_memory|                        time_series_6|         array|
|time_series_6_q1         |   in|   32|   ap_memory|                        time_series_6|         array|
|time_series_6_address2   |  out|    6|   ap_memory|                        time_series_6|         array|
|time_series_6_ce2        |  out|    1|   ap_memory|                        time_series_6|         array|
|time_series_6_q2         |   in|   32|   ap_memory|                        time_series_6|         array|
|time_series_7_address0   |  out|    6|   ap_memory|                        time_series_7|         array|
|time_series_7_ce0        |  out|    1|   ap_memory|                        time_series_7|         array|
|time_series_7_q0         |   in|   32|   ap_memory|                        time_series_7|         array|
|time_series_7_address1   |  out|    6|   ap_memory|                        time_series_7|         array|
|time_series_7_ce1        |  out|    1|   ap_memory|                        time_series_7|         array|
|time_series_7_q1         |   in|   32|   ap_memory|                        time_series_7|         array|
|time_series_7_address2   |  out|    6|   ap_memory|                        time_series_7|         array|
|time_series_7_ce2        |  out|    1|   ap_memory|                        time_series_7|         array|
|time_series_7_q2         |   in|   32|   ap_memory|                        time_series_7|         array|
|zext_ln13_1              |   in|    3|     ap_none|                          zext_ln13_1|        scalar|
|zext_ln55                |   in|    4|     ap_none|                            zext_ln55|        scalar|
+-------------------------+-----+-----+------------+-------------------------------------+--------------+

