

================================================================
== Vitis HLS Report for 'krnl_top_Pipeline_COPY_INTERCEPT'
================================================================
* Date:           Wed Nov 19 13:37:05 2025

* Version:        2023.2 (Build 4023990 on Oct 11 2023)
* Project:        krnl_top_prj
* Solution:       solution1 (Vivado IP Flow Target)
* Product family: virtexuplusHBM
* Target device:  xcu280-fsvh2892-2L-e


================================================================
== Performance Estimates
================================================================
+ Timing: 
    * Summary: 
    +--------+---------+----------+------------+
    |  Clock |  Target | Estimated| Uncertainty|
    +--------+---------+----------+------------+
    |ap_clk  |  3.33 ns|  2.433 ns|     0.90 ns|
    +--------+---------+----------+------------+

+ Latency: 
    * Summary: 
    +---------+---------+----------+----------+-----+-----+---------+
    |  Latency (cycles) |  Latency (absolute) |  Interval | Pipeline|
    |   min   |   max   |    min   |    max   | min | max |   Type  |
    +---------+---------+----------+----------+-----+-----+---------+
    |        ?|        ?|         ?|         ?|    ?|    ?|       no|
    +---------+---------+----------+----------+-----+-----+---------+

    + Detail: 
        * Instance: 
        N/A

        * Loop: 
        +------------------+---------+---------+----------+-----------+-----------+------+----------+
        |                  |  Latency (cycles) | Iteration|  Initiation Interval  | Trip |          |
        |     Loop Name    |   min   |   max   |  Latency |  achieved |   target  | Count| Pipelined|
        +------------------+---------+---------+----------+-----------+-----------+------+----------+
        |- COPY_INTERCEPT  |        ?|        ?|         3|          1|          1|     ?|       yes|
        +------------------+---------+---------+----------+-----------+-----------+------+----------+



================================================================
== Utilization Estimates
================================================================
* Summary: 
+---------------------+---------+------+---------+---------+-----+
|         Name        | BRAM_18K|  DSP |    FF   |   LUT   | URAM|
+---------------------+---------+------+---------+---------+-----+
|DSP                  |        -|     -|        -|        -|    -|
|Expression           |        -|     -|        0|       81|    -|
|FIFO                 |        -|     -|        -|        -|    -|
|Instance             |        -|     -|        -|        -|    -|
|Memory               |        -|     -|        -|        -|    -|
|Multiplexer          |        -|     -|        -|       81|    -|
|Register             |        -|     -|      201|        -|    -|
+---------------------+---------+------+---------+---------+-----+
|Total                |        0|     0|      201|      162|    0|
+---------------------+---------+------+---------+---------+-----+
|Available SLR        |     1344|  3008|   869120|   434560|  320|
+---------------------+---------+------+---------+---------+-----+
|Utilization SLR (%)  |        0|     0|       ~0|       ~0|    0|
+---------------------+---------+------+---------+---------+-----+
|Available            |     4032|  9024|  2607360|  1303680|  960|
+---------------------+---------+------+---------+---------+-----+
|Utilization (%)      |        0|     0|       ~0|       ~0|    0|
+---------------------+---------+------+---------+---------+-----+

+ Detail: 
    * Instance: 
    N/A

    * DSP: 
    N/A

    * Memory: 
    N/A

    * FIFO: 
    N/A

    * Expression: 
    +---------------------------+----------+----+---+----+------------+------------+
    |       Variable Name       | Operation| DSP| FF| LUT| Bitwidth P0| Bitwidth P1|
    +---------------------------+----------+----+---+----+------------+------------+
    |add_ln22_fu_171_p2         |         +|   0|  0|  38|          31|           1|
    |ap_block_pp0_stage0_01001  |       and|   0|  0|   2|           1|           1|
    |icmp_ln27_fu_165_p2        |      icmp|   0|  0|  39|          32|          32|
    |ap_enable_pp0              |       xor|   0|  0|   2|           1|           2|
    +---------------------------+----------+----+---+----+------------+------------+
    |Total                      |          |   0|  0|  81|          65|          36|
    +---------------------------+----------+----+---+----+------------+------------+

    * Multiplexer: 
    +-------------------------+----+-----------+-----+-----------+
    |           Name          | LUT| Input Size| Bits| Total Bits|
    +-------------------------+----+-----------+-----+-----------+
    |ap_done_int              |   9|          2|    1|          2|
    |ap_enable_reg_pp0_iter1  |   9|          2|    1|          2|
    |ap_sig_allocacmp_i       |   9|          2|   31|         62|
    |gmem3_blk_n_R            |   9|          2|    1|          2|
    |i_3_fu_64                |   9|          2|   31|         62|
    |local_intercept_1_fu_72  |   9|          2|   32|         64|
    |local_intercept_2_fu_76  |   9|          2|   32|         64|
    |local_intercept_3_fu_80  |   9|          2|   32|         64|
    |local_intercept_fu_68    |   9|          2|   32|         64|
    +-------------------------+----+-----------+-----+-----------+
    |Total                    |  81|         18|  193|        386|
    +-------------------------+----+-----------+-----+-----------+

    * Register: 
    +-----------------------------------+----+----+-----+-----------+
    |                Name               | FF | LUT| Bits| Const Bits|
    +-----------------------------------+----+----+-----+-----------+
    |ap_CS_fsm                          |   1|   0|    1|          0|
    |ap_done_reg                        |   1|   0|    1|          0|
    |ap_enable_reg_pp0_iter1            |   1|   0|    1|          0|
    |ap_enable_reg_pp0_iter2            |   1|   0|    1|          0|
    |ap_loop_exit_ready_pp0_iter1_reg   |   1|   0|    1|          0|
    |i_3_fu_64                          |  31|   0|   31|          0|
    |icmp_ln27_reg_268                  |   1|   0|    1|          0|
    |local_intercept_1_fu_72            |  32|   0|   32|          0|
    |local_intercept_2_fu_76            |  32|   0|   32|          0|
    |local_intercept_3_fu_80            |  32|   0|   32|          0|
    |local_intercept_4_reg_276          |  32|   0|   32|          0|
    |local_intercept_fu_68              |  32|   0|   32|          0|
    |trunc_ln265_reg_272                |   2|   0|    2|          0|
    |trunc_ln265_reg_272_pp0_iter1_reg  |   2|   0|    2|          0|
    +-----------------------------------+----+----+-----+-----------+
    |Total                              | 201|   0|  201|          0|
    +-----------------------------------+----+----+-----+-----------+



================================================================
== Interface
================================================================
* Summary: 
+------------------------------+-----+-----+------------+----------------------------------+--------------+
|           RTL Ports          | Dir | Bits|  Protocol  |           Source Object          |    C Type    |
+------------------------------+-----+-----+------------+----------------------------------+--------------+
|ap_clk                        |   in|    1|  ap_ctrl_hs|  krnl_top_Pipeline_COPY_INTERCEPT|  return value|
|ap_rst                        |   in|    1|  ap_ctrl_hs|  krnl_top_Pipeline_COPY_INTERCEPT|  return value|
|ap_start                      |   in|    1|  ap_ctrl_hs|  krnl_top_Pipeline_COPY_INTERCEPT|  return value|
|ap_done                       |  out|    1|  ap_ctrl_hs|  krnl_top_Pipeline_COPY_INTERCEPT|  return value|
|ap_idle                       |  out|    1|  ap_ctrl_hs|  krnl_top_Pipeline_COPY_INTERCEPT|  return value|
|ap_ready                      |  out|    1|  ap_ctrl_hs|  krnl_top_Pipeline_COPY_INTERCEPT|  return value|
|m_axi_gmem3_AWVALID           |  out|    1|       m_axi|                             gmem3|       pointer|
|m_axi_gmem3_AWREADY           |   in|    1|       m_axi|                             gmem3|       pointer|
|m_axi_gmem3_AWADDR            |  out|   64|       m_axi|                             gmem3|       pointer|
|m_axi_gmem3_AWID              |  out|    1|       m_axi|                             gmem3|       pointer|
|m_axi_gmem3_AWLEN             |  out|   32|       m_axi|                             gmem3|       pointer|
|m_axi_gmem3_AWSIZE            |  out|    3|       m_axi|                             gmem3|       pointer|
|m_axi_gmem3_AWBURST           |  out|    2|       m_axi|                             gmem3|       pointer|
|m_axi_gmem3_AWLOCK            |  out|    2|       m_axi|                             gmem3|       pointer|
|m_axi_gmem3_AWCACHE           |  out|    4|       m_axi|                             gmem3|       pointer|
|m_axi_gmem3_AWPROT            |  out|    3|       m_axi|                             gmem3|       pointer|
|m_axi_gmem3_AWQOS             |  out|    4|       m_axi|                             gmem3|       pointer|
|m_axi_gmem3_AWREGION          |  out|    4|       m_axi|                             gmem3|       pointer|
|m_axi_gmem3_AWUSER            |  out|    1|       m_axi|                             gmem3|       pointer|
|m_axi_gmem3_WVALID            |  out|    1|       m_axi|                             gmem3|       pointer|
|m_axi_gmem3_WREADY            |   in|    1|       m_axi|                             gmem3|       pointer|
|m_axi_gmem3_WDATA             |  out|   32|       m_axi|                             gmem3|       pointer|
|m_axi_gmem3_WSTRB             |  out|    4|       m_axi|                             gmem3|       pointer|
|m_axi_gmem3_WLAST             |  out|    1|       m_axi|                             gmem3|       pointer|
|m_axi_gmem3_WID               |  out|    1|       m_axi|                             gmem3|       pointer|
|m_axi_gmem3_WUSER             |  out|    1|       m_axi|                             gmem3|       pointer|
|m_axi_gmem3_ARVALID           |  out|    1|       m_axi|                             gmem3|       pointer|
|m_axi_gmem3_ARREADY           |   in|    1|       m_axi|                             gmem3|       pointer|
|m_axi_gmem3_ARADDR            |  out|   64|       m_axi|                             gmem3|       pointer|
|m_axi_gmem3_ARID              |  out|    1|       m_axi|                             gmem3|       pointer|
|m_axi_gmem3_ARLEN             |  out|   32|       m_axi|                             gmem3|       pointer|
|m_axi_gmem3_ARSIZE            |  out|    3|       m_axi|                             gmem3|       pointer|
|m_axi_gmem3_ARBURST           |  out|    2|       m_axi|                             gmem3|       pointer|
|m_axi_gmem3_ARLOCK            |  out|    2|       m_axi|                             gmem3|       pointer|
|m_axi_gmem3_ARCACHE           |  out|    4|       m_axi|                             gmem3|       pointer|
|m_axi_gmem3_ARPROT            |  out|    3|       m_axi|                             gmem3|       pointer|
|m_axi_gmem3_ARQOS             |  out|    4|       m_axi|                             gmem3|       pointer|
|m_axi_gmem3_ARREGION          |  out|    4|       m_axi|                             gmem3|       pointer|
|m_axi_gmem3_ARUSER            |  out|    1|       m_axi|                             gmem3|       pointer|
|m_axi_gmem3_RVALID            |   in|    1|       m_axi|                             gmem3|       pointer|
|m_axi_gmem3_RREADY            |  out|    1|       m_axi|                             gmem3|       pointer|
|m_axi_gmem3_RDATA             |   in|   32|       m_axi|                             gmem3|       pointer|
|m_axi_gmem3_RLAST             |   in|    1|       m_axi|                             gmem3|       pointer|
|m_axi_gmem3_RID               |   in|    1|       m_axi|                             gmem3|       pointer|
|m_axi_gmem3_RFIFONUM          |   in|    9|       m_axi|                             gmem3|       pointer|
|m_axi_gmem3_RUSER             |   in|    1|       m_axi|                             gmem3|       pointer|
|m_axi_gmem3_RRESP             |   in|    2|       m_axi|                             gmem3|       pointer|
|m_axi_gmem3_BVALID            |   in|    1|       m_axi|                             gmem3|       pointer|
|m_axi_gmem3_BREADY            |  out|    1|       m_axi|                             gmem3|       pointer|
|m_axi_gmem3_BRESP             |   in|    2|       m_axi|                             gmem3|       pointer|
|m_axi_gmem3_BID               |   in|    1|       m_axi|                             gmem3|       pointer|
|m_axi_gmem3_BUSER             |   in|    1|       m_axi|                             gmem3|       pointer|
|num_classes                   |   in|   32|     ap_none|                       num_classes|        scalar|
|sext_ln265                    |   in|   62|     ap_none|                        sext_ln265|        scalar|
|local_intercept_3_out         |  out|   32|      ap_vld|             local_intercept_3_out|       pointer|
|local_intercept_3_out_ap_vld  |  out|    1|      ap_vld|             local_intercept_3_out|       pointer|
|local_intercept_2_out         |  out|   32|      ap_vld|             local_intercept_2_out|       pointer|
|local_intercept_2_out_ap_vld  |  out|    1|      ap_vld|             local_intercept_2_out|       pointer|
|local_intercept_1_out         |  out|   32|      ap_vld|             local_intercept_1_out|       pointer|
|local_intercept_1_out_ap_vld  |  out|    1|      ap_vld|             local_intercept_1_out|       pointer|
|local_intercept_out           |  out|   32|      ap_vld|               local_intercept_out|       pointer|
|local_intercept_out_ap_vld    |  out|    1|      ap_vld|               local_intercept_out|       pointer|
+------------------------------+-----+-----+------------+----------------------------------+--------------+

