

================================================================
== Vitis HLS Report for 'krnl_top_Pipeline_COPY_OUTPUT'
================================================================
* Date:           Wed Nov 19 13:37:10 2025

* Version:        2023.2 (Build 4023990 on Oct 11 2023)
* Project:        krnl_top_prj
* Solution:       solution1 (Vivado IP Flow Target)
* Product family: virtexuplusHBM
* Target device:  xcu280-fsvh2892-2L-e


================================================================
== Performance Estimates
================================================================
+ Timing: 
    * Summary: 
    +--------+---------+----------+------------+
    |  Clock |  Target | Estimated| Uncertainty|
    +--------+---------+----------+------------+
    |ap_clk  |  3.33 ns|  2.433 ns|     0.90 ns|
    +--------+---------+----------+------------+

+ Latency: 
    * Summary: 
    +---------+---------+----------+----------+-----+-----+---------+
    |  Latency (cycles) |  Latency (absolute) |  Interval | Pipeline|
    |   min   |   max   |    min   |    max   | min | max |   Type  |
    +---------+---------+----------+----------+-----+-----+---------+
    |        ?|        ?|         ?|         ?|    ?|    ?|       no|
    +---------+---------+----------+----------+-----+-----+---------+

    + Detail: 
        * Instance: 
        N/A

        * Loop: 
        +---------------+---------+---------+----------+-----------+-----------+------+----------+
        |               |  Latency (cycles) | Iteration|  Initiation Interval  | Trip |          |
        |   Loop Name   |   min   |   max   |  Latency |  achieved |   target  | Count| Pipelined|
        +---------------+---------+---------+----------+-----------+-----------+------+----------+
        |- COPY_OUTPUT  |        ?|        ?|         2|          1|          1|     ?|       yes|
        +---------------+---------+---------+----------+-----------+-----------+------+----------+



================================================================
== Utilization Estimates
================================================================
* Summary: 
+---------------------+---------+------+---------+---------+-----+
|         Name        | BRAM_18K|  DSP |    FF   |   LUT   | URAM|
+---------------------+---------+------+---------+---------+-----+
|DSP                  |        -|     -|        -|        -|    -|
|Expression           |        -|     -|        0|       81|    -|
|FIFO                 |        -|     -|        -|        -|    -|
|Instance             |        -|     -|        0|       20|    -|
|Memory               |        -|     -|        -|        -|    -|
|Multiplexer          |        -|     -|        -|       45|    -|
|Register             |        -|     -|       66|        -|    -|
+---------------------+---------+------+---------+---------+-----+
|Total                |        0|     0|       66|      146|    0|
+---------------------+---------+------+---------+---------+-----+
|Available SLR        |     1344|  3008|   869120|   434560|  320|
+---------------------+---------+------+---------+---------+-----+
|Utilization SLR (%)  |        0|     0|       ~0|       ~0|    0|
+---------------------+---------+------+---------+---------+-----+
|Available            |     4032|  9024|  2607360|  1303680|  960|
+---------------------+---------+------+---------+---------+-----+
|Utilization (%)      |        0|     0|       ~0|       ~0|    0|
+---------------------+---------+------+---------+---------+-----+

+ Detail: 
    * Instance: 
    +---------------------------+----------------------+---------+----+---+----+-----+
    |          Instance         |        Module        | BRAM_18K| DSP| FF| LUT| URAM|
    +---------------------------+----------------------+---------+----+---+----+-----+
    |sparsemux_9_2_32_1_1_U276  |sparsemux_9_2_32_1_1  |        0|   0|  0|  20|    0|
    +---------------------------+----------------------+---------+----+---+----+-----+
    |Total                      |                      |        0|   0|  0|  20|    0|
    +---------------------------+----------------------+---------+----+---+----+-----+

    * DSP: 
    N/A

    * Memory: 
    N/A

    * FIFO: 
    N/A

    * Expression: 
    +---------------------------+----------+----+---+----+------------+------------+
    |       Variable Name       | Operation| DSP| FF| LUT| Bitwidth P0| Bitwidth P1|
    +---------------------------+----------+----+---+----+------------+------------+
    |add_ln22_fu_140_p2         |         +|   0|  0|  38|          31|           1|
    |ap_block_pp0_stage0_11001  |       and|   0|  0|   2|           1|           1|
    |icmp_ln27_fu_134_p2        |      icmp|   0|  0|  39|          32|          32|
    |ap_enable_pp0              |       xor|   0|  0|   2|           1|           2|
    +---------------------------+----------+----+---+----+------------+------------+
    |Total                      |          |   0|  0|  81|          65|          36|
    +---------------------------+----------+----+---+----+------------+------------+

    * Multiplexer: 
    +-------------------------+----+-----------+-----+-----------+
    |           Name          | LUT| Input Size| Bits| Total Bits|
    +-------------------------+----+-----------+-----+-----------+
    |ap_done_int              |   9|          2|    1|          2|
    |ap_enable_reg_pp0_iter1  |   9|          2|    1|          2|
    |ap_sig_allocacmp_i_3     |   9|          2|   31|         62|
    |gmem1_blk_n_W            |   9|          2|    1|          2|
    |i_fu_70                  |   9|          2|   31|         62|
    +-------------------------+----+-----------+-----+-----------+
    |Total                    |  45|         10|   65|        130|
    +-------------------------+----+-----------+-----+-----------+

    * Register: 
    +-------------------------+----+----+-----+-----------+
    |           Name          | FF | LUT| Bits| Const Bits|
    +-------------------------+----+----+-----+-----------+
    |ap_CS_fsm                |   1|   0|    1|          0|
    |ap_done_reg              |   1|   0|    1|          0|
    |ap_enable_reg_pp0_iter1  |   1|   0|    1|          0|
    |i_fu_70                  |  31|   0|   31|          0|
    |tmp_reg_204              |  32|   0|   32|          0|
    +-------------------------+----+----+-----+-----------+
    |Total                    |  66|   0|   66|          0|
    +-------------------------+----+----+-----+-----------+



================================================================
== Interface
================================================================
* Summary: 
+--------------------------+-----+-----+------------+-------------------------------+--------------+
|         RTL Ports        | Dir | Bits|  Protocol  |         Source Object         |    C Type    |
+--------------------------+-----+-----+------------+-------------------------------+--------------+
|ap_clk                    |   in|    1|  ap_ctrl_hs|  krnl_top_Pipeline_COPY_OUTPUT|  return value|
|ap_rst                    |   in|    1|  ap_ctrl_hs|  krnl_top_Pipeline_COPY_OUTPUT|  return value|
|ap_start                  |   in|    1|  ap_ctrl_hs|  krnl_top_Pipeline_COPY_OUTPUT|  return value|
|ap_done                   |  out|    1|  ap_ctrl_hs|  krnl_top_Pipeline_COPY_OUTPUT|  return value|
|ap_idle                   |  out|    1|  ap_ctrl_hs|  krnl_top_Pipeline_COPY_OUTPUT|  return value|
|ap_ready                  |  out|    1|  ap_ctrl_hs|  krnl_top_Pipeline_COPY_OUTPUT|  return value|
|m_axi_gmem1_AWVALID       |  out|    1|       m_axi|                          gmem1|       pointer|
|m_axi_gmem1_AWREADY       |   in|    1|       m_axi|                          gmem1|       pointer|
|m_axi_gmem1_AWADDR        |  out|   64|       m_axi|                          gmem1|       pointer|
|m_axi_gmem1_AWID          |  out|    1|       m_axi|                          gmem1|       pointer|
|m_axi_gmem1_AWLEN         |  out|   32|       m_axi|                          gmem1|       pointer|
|m_axi_gmem1_AWSIZE        |  out|    3|       m_axi|                          gmem1|       pointer|
|m_axi_gmem1_AWBURST       |  out|    2|       m_axi|                          gmem1|       pointer|
|m_axi_gmem1_AWLOCK        |  out|    2|       m_axi|                          gmem1|       pointer|
|m_axi_gmem1_AWCACHE       |  out|    4|       m_axi|                          gmem1|       pointer|
|m_axi_gmem1_AWPROT        |  out|    3|       m_axi|                          gmem1|       pointer|
|m_axi_gmem1_AWQOS         |  out|    4|       m_axi|                          gmem1|       pointer|
|m_axi_gmem1_AWREGION      |  out|    4|       m_axi|                          gmem1|       pointer|
|m_axi_gmem1_AWUSER        |  out|    1|       m_axi|                          gmem1|       pointer|
|m_axi_gmem1_WVALID        |  out|    1|       m_axi|                          gmem1|       pointer|
|m_axi_gmem1_WREADY        |   in|    1|       m_axi|                          gmem1|       pointer|
|m_axi_gmem1_WDATA         |  out|   32|       m_axi|                          gmem1|       pointer|
|m_axi_gmem1_WSTRB         |  out|    4|       m_axi|                          gmem1|       pointer|
|m_axi_gmem1_WLAST         |  out|    1|       m_axi|                          gmem1|       pointer|
|m_axi_gmem1_WID           |  out|    1|       m_axi|                          gmem1|       pointer|
|m_axi_gmem1_WUSER         |  out|    1|       m_axi|                          gmem1|       pointer|
|m_axi_gmem1_ARVALID       |  out|    1|       m_axi|                          gmem1|       pointer|
|m_axi_gmem1_ARREADY       |   in|    1|       m_axi|                          gmem1|       pointer|
|m_axi_gmem1_ARADDR        |  out|   64|       m_axi|                          gmem1|       pointer|
|m_axi_gmem1_ARID          |  out|    1|       m_axi|                          gmem1|       pointer|
|m_axi_gmem1_ARLEN         |  out|   32|       m_axi|                          gmem1|       pointer|
|m_axi_gmem1_ARSIZE        |  out|    3|       m_axi|                          gmem1|       pointer|
|m_axi_gmem1_ARBURST       |  out|    2|       m_axi|                          gmem1|       pointer|
|m_axi_gmem1_ARLOCK        |  out|    2|       m_axi|                          gmem1|       pointer|
|m_axi_gmem1_ARCACHE       |  out|    4|       m_axi|                          gmem1|       pointer|
|m_axi_gmem1_ARPROT        |  out|    3|       m_axi|                          gmem1|       pointer|
|m_axi_gmem1_ARQOS         |  out|    4|       m_axi|                          gmem1|       pointer|
|m_axi_gmem1_ARREGION      |  out|    4|       m_axi|                          gmem1|       pointer|
|m_axi_gmem1_ARUSER        |  out|    1|       m_axi|                          gmem1|       pointer|
|m_axi_gmem1_RVALID        |   in|    1|       m_axi|                          gmem1|       pointer|
|m_axi_gmem1_RREADY        |  out|    1|       m_axi|                          gmem1|       pointer|
|m_axi_gmem1_RDATA         |   in|   32|       m_axi|                          gmem1|       pointer|
|m_axi_gmem1_RLAST         |   in|    1|       m_axi|                          gmem1|       pointer|
|m_axi_gmem1_RID           |   in|    1|       m_axi|                          gmem1|       pointer|
|m_axi_gmem1_RFIFONUM      |   in|    9|       m_axi|                          gmem1|       pointer|
|m_axi_gmem1_RUSER         |   in|    1|       m_axi|                          gmem1|       pointer|
|m_axi_gmem1_RRESP         |   in|    2|       m_axi|                          gmem1|       pointer|
|m_axi_gmem1_BVALID        |   in|    1|       m_axi|                          gmem1|       pointer|
|m_axi_gmem1_BREADY        |  out|    1|       m_axi|                          gmem1|       pointer|
|m_axi_gmem1_BRESP         |   in|    2|       m_axi|                          gmem1|       pointer|
|m_axi_gmem1_BID           |   in|    1|       m_axi|                          gmem1|       pointer|
|m_axi_gmem1_BUSER         |   in|    1|       m_axi|                          gmem1|       pointer|
|num_classes               |   in|   32|     ap_none|                    num_classes|        scalar|
|sext_ln356                |   in|   62|     ap_none|                     sext_ln356|        scalar|
|local_predictions_load    |   in|   32|     ap_none|         local_predictions_load|        scalar|
|local_predictions_1_load  |   in|   32|     ap_none|       local_predictions_1_load|        scalar|
|local_predictions_2_load  |   in|   32|     ap_none|       local_predictions_2_load|        scalar|
|local_predictions_3_load  |   in|   32|     ap_none|       local_predictions_3_load|        scalar|
+--------------------------+-----+-----+------------+-------------------------------+--------------+

